\BOOKMARK [1][-]{section.1}{\376\377\000R\000e\000s\000u\000m\000e\000n}{}% 1
\BOOKMARK [1][-]{section.2}{\376\377\000E\000x\000t\000e\000n\000d\000e\000d\000\040\000a\000b\000s\000t\000r\000a\000c\000t}{}% 2
\BOOKMARK [1][-]{section.3}{\376\377\000I\000n\000t\000r\000o\000d\000u\000c\000c\000i\000\363\000n}{}% 3
\BOOKMARK [1][-]{section.4}{\376\377\000E\000s\000t\000a\000d\000o\000\040\000d\000e\000l\000\040\000a\000r\000t\000e}{}% 4
\BOOKMARK [2][-]{subsection.4.1}{\376\377\000C\000o\000n\000t\000e\000x\000t\000o\000\040\000y\000\040\000a\000n\000\341\000l\000i\000s\000i\000s\000\040\000d\000e\000\040\000l\000a\000\040\000s\000i\000t\000u\000a\000c\000i\000\363\000n\000\040\000d\000e\000\040\000p\000a\000r\000t\000i\000d\000a}{section.4}% 5
\BOOKMARK [2][-]{subsection.4.2}{\376\377\000H\000e\000r\000r\000a\000m\000i\000e\000n\000t\000a\000s\000\040\000y\000\040\000t\000e\000c\000n\000o\000l\000o\000g\000\355\000a\000s\000\040\000e\000m\000p\000l\000e\000a\000d\000a\000s}{section.4}% 6
\BOOKMARK [3][-]{subsubsection.4.2.1}{\376\377\000F\000r\000o\000n\000t\000e\000n\000d}{subsection.4.2}% 7
\BOOKMARK [3][-]{subsubsection.4.2.2}{\376\377\000B\000a\000c\000k\000e\000n\000d}{subsection.4.2}% 8
\BOOKMARK [3][-]{subsubsection.4.2.3}{\376\377\000O\000t\000r\000a\000s\000\040\000t\000e\000c\000n\000o\000l\000o\000g\000\355\000a\000s}{subsection.4.2}% 9
\BOOKMARK [1][-]{section.5}{\376\377\000A\000n\000\341\000l\000i\000s\000i\000s\000\040\000d\000e\000\040\000o\000b\000j\000e\000t\000i\000v\000o\000s\000\040\000y\000\040\000m\000e\000t\000o\000d\000o\000l\000o\000g\000\355\000a}{}% 10
\BOOKMARK [2][-]{subsection.5.1}{\376\377\000O\000b\000j\000e\000t\000i\000v\000o\000s}{section.5}% 11
\BOOKMARK [2][-]{subsection.5.2}{\376\377\000M\000e\000t\000o\000d\000o\000l\000o\000g\000\355\000a}{section.5}% 12
\BOOKMARK [1][-]{section.6}{\376\377\000D\000i\000s\000e\000\361\000o\000\040\000y\000\040\000r\000e\000s\000o\000l\000u\000c\000i\000\363\000n\000\040\000d\000e\000l\000\040\000t\000r\000a\000b\000a\000j\000o\000\040\000r\000e\000a\000l\000i\000z\000a\000d\000o}{}% 13
\BOOKMARK [2][-]{subsection.6.1}{\376\377\000A\000n\000\341\000l\000i\000s\000i\000s}{section.6}% 14
\BOOKMARK [3][-]{subsubsection.6.1.1}{\376\377\000H\000i\000s\000t\000o\000r\000i\000a\000\040\000d\000e\000\040\000U\000s\000u\000a\000r\000i\000o\000\040\0001\000:\000\040\000B\000o\000t\000\363\000n\000\040\000d\000e\000\040\000P\000e\000r\000s\000o\000n\000a\000l\000i\000z\000a\000r\000\040\000e\000n\000\040\000l\000a\000\040\000F\000i\000c\000h\000a\000\040\000d\000e\000\040\000P\000r\000o\000d\000u\000c\000t\000o}{subsection.6.1}% 15
\BOOKMARK [3][-]{subsubsection.6.1.2}{\376\377\000H\000i\000s\000t\000o\000r\000i\000a\000\040\000d\000e\000\040\000U\000s\000u\000a\000r\000i\000o\000\040\0002\000:\000\040\000C\000o\000n\000f\000i\000g\000u\000r\000a\000c\000i\000\363\000n\000\040\000d\000e\000\040\000O\000p\000c\000i\000o\000n\000e\000s\000\040\000d\000e\000\040\000E\000n\000v\000\355\000o\000\040\000I\000n\000t\000e\000r\000n\000a\000c\000i\000o\000n\000a\000l}{subsection.6.1}% 16
\BOOKMARK [3][-]{subsubsection.6.1.3}{\376\377\000H\000i\000s\000t\000o\000r\000i\000a\000\040\000d\000e\000\040\000U\000s\000u\000a\000r\000i\000o\000\040\0003\000:\000\040\000C\000o\000n\000f\000i\000g\000u\000r\000a\000r\000\040\000I\000m\000p\000r\000e\000s\000i\000\363\000n\000\040\000a\000l\000\040\000A\000\361\000a\000d\000i\000r\000\040\000a\000l\000\040\000P\000e\000d\000i\000d\000o}{subsection.6.1}% 17
\BOOKMARK [3][-]{subsubsection.6.1.4}{\376\377\000H\000i\000s\000t\000o\000r\000i\000a\000\040\000d\000e\000\040\000U\000s\000u\000a\000r\000i\000o\000\040\0004\000:\000\040\000M\000e\000j\000o\000r\000a\000\040\000e\000n\000\040\000l\000a\000\040\000F\000u\000n\000c\000i\000o\000n\000a\000l\000i\000d\000a\000d\000\040\000d\000e\000\040\000A\000\361\000a\000d\000i\000r\000\040\000a\000l\000\040\000C\000a\000r\000r\000i\000t\000o}{subsection.6.1}% 18
\BOOKMARK [3][-]{subsubsection.6.1.5}{\376\377\000H\000i\000s\000t\000o\000r\000i\000a\000\040\000d\000e\000\040\000U\000s\000u\000a\000r\000i\000o\000\040\0005\000:\000\040\000V\000i\000s\000u\000a\000l\000i\000z\000a\000c\000i\000\363\000n\000\040\000A\000g\000r\000u\000p\000a\000d\000a\000\040\000d\000e\000\040\000P\000r\000o\000d\000u\000c\000t\000o\000s\000\040\000d\000e\000\040\000I\000m\000p\000r\000e\000s\000i\000\363\000n\000\040\000e\000n\000\040\000e\000l\000\040\000C\000a\000r\000r\000i\000t\000o}{subsection.6.1}% 19
\BOOKMARK [3][-]{subsubsection.6.1.6}{\376\377\000H\000i\000s\000t\000o\000r\000i\000a\000\040\000d\000e\000\040\000U\000s\000u\000a\000r\000i\000o\000\040\0006\000:\000\040\000P\000e\000r\000s\000o\000n\000a\000l\000i\000z\000a\000c\000i\000\363\000n\000\040\000D\000i\000n\000\341\000m\000i\000c\000a\000\040\000d\000e\000\040\000P\000r\000e\000c\000i\000o\000s\000\040\000p\000a\000r\000a\000\040\000T\000r\000a\000b\000a\000j\000o\000s\000\040\000E\000s\000p\000e\000c\000\355\000f\000i\000c\000o\000s}{subsection.6.1}% 20
\BOOKMARK [3][-]{subsubsection.6.1.7}{\376\377\000H\000i\000s\000t\000o\000r\000i\000a\000\040\000d\000e\000\040\000U\000s\000u\000a\000r\000i\000o\000\040\0007\000:\000\040\000V\000i\000s\000u\000a\000l\000i\000z\000a\000c\000i\000\363\000n\000\040\000A\000t\000r\000a\000c\000t\000i\000v\000a\000\040\000d\000e\000l\000\040\000L\000o\000g\000o\000\040\000d\000e\000l\000\040\000C\000l\000i\000e\000n\000t\000e\000\040\000e\000n\000\040\000e\000l\000\040\000P\000r\000o\000d\000u\000c\000t\000o}{subsection.6.1}% 21
\BOOKMARK [3][-]{subsubsection.6.1.8}{\376\377\000H\000i\000s\000t\000o\000r\000i\000a\000\040\000d\000e\000\040\000U\000s\000u\000a\000r\000i\000o\000\040\0008\000:\000\040\000A\000u\000t\000o\000m\000a\000t\000i\000z\000a\000c\000i\000\363\000n\000\040\000d\000e\000\040\000l\000a\000\040\000C\000r\000e\000a\000c\000i\000\363\000n\000\040\000d\000e\000\040\000M\000e\000t\000a\000f\000i\000e\000l\000d\000s\000\040\000N\000e\000c\000e\000s\000a\000r\000i\000o\000s}{subsection.6.1}% 22
\BOOKMARK [3][-]{subsubsection.6.1.9}{\376\377\000H\000i\000s\000t\000o\000r\000i\000a\000\040\000d\000e\000\040\000U\000s\000u\000a\000r\000i\000o\000\040\0009\000:\000\040\000G\000e\000s\000t\000i\000\363\000n\000\040\000d\000e\000\040\000C\000a\000s\000u\000\355\000s\000t\000i\000c\000a\000\040\000"\000D\000o\000b\000l\000e\000\040\000P\000a\000s\000a\000d\000a\000.\0008\000s\000h\000o\000p\000i\000f\000y\000-\000d\000e\000v\000-\0001\000.\0005\000e\000x\000\040\000e\000n\000\040\000P\000r\000o\000d\000u\000c\000t\000o\000s\000\040\000y\000\040\000T\000r\000a\000b\000a\000j\000o\000s}{subsection.6.1}% 23
\BOOKMARK [3][-]{subsubsection.6.1.10}{\376\377\000H\000i\000s\000t\000o\000r\000i\000a\000\040\000d\000e\000\040\000U\000s\000u\000a\000r\000i\000o\000\040\0001\0000\000:\000\040\000G\000e\000s\000t\000i\000\363\000n\000\040\000d\000e\000l\000\040\000C\000a\000n\000o\000n\000\040\000D\000i\000g\000i\000t\000a\000l\000\040\000e\000n\000\040\000P\000r\000o\000d\000u\000c\000t\000o\000s}{subsection.6.1}% 24
\BOOKMARK [3][-]{subsubsection.6.1.11}{\376\377\000H\000i\000s\000t\000o\000r\000i\000a\000\040\000d\000e\000\040\000U\000s\000u\000a\000r\000i\000o\000\040\0001\0001\000:\000\040\000A\000d\000i\000c\000i\000\363\000n\000\040\000A\000u\000t\000o\000m\000\341\000t\000i\000c\000a\000\040\000d\000e\000\040\000L\000\355\000n\000e\000a\000\040\000d\000e\000\040\000C\000a\000n\000o\000n\000\040\000a\000l\000\040\000A\000\361\000a\000d\000i\000r\000\040\000u\000n\000\040\000P\000r\000o\000d\000u\000c\000t\000o\000\040\000a\000l\000\040\000C\000a\000r\000r\000i\000t\000o}{subsection.6.1}% 25
\BOOKMARK [2][-]{subsection.6.2}{\376\377\000D\000i\000s\000e\000\361\000o}{section.6}% 26
\BOOKMARK [3][-]{subsubsection.6.2.1}{\376\377\000M\000o\000d\000e\000l\000o\000\040\000d\000e\000\040\000d\000a\000t\000o\000s}{subsection.6.2}% 27
\BOOKMARK [3][-]{subsubsection.6.2.2}{\376\377\000D\000i\000s\000e\000\361\000o\000\040\000d\000e\000\040\000b\000a\000c\000k\000-\000e\000n\000d}{subsection.6.2}% 28
\BOOKMARK [3][-]{subsubsection.6.2.3}{\376\377\000D\000i\000s\000e\000\361\000o\000\040\000d\000e\000\040\000f\000r\000o\000n\000t\000-\000e\000n\000d}{subsection.6.2}% 29
\BOOKMARK [2][-]{subsection.6.3}{\376\377\000I\000m\000p\000l\000e\000m\000e\000n\000t\000a\000c\000i\000\363\000n}{section.6}% 30
\BOOKMARK [3][-]{subsubsection.6.3.1}{\376\377\000A\000r\000q\000u\000i\000t\000e\000c\000t\000u\000r\000a}{subsection.6.3}% 31
\BOOKMARK [3][-]{subsubsection.6.3.2}{\376\377\000I\000m\000p\000l\000e\000m\000e\000n\000t\000a\000c\000i\000\363\000n\000\040\000d\000e\000\040\000b\000a\000c\000k\000-\000e\000n\000d}{subsection.6.3}% 32
\BOOKMARK [3][-]{subsubsection.6.3.3}{\376\377\000I\000m\000p\000l\000e\000m\000e\000n\000t\000a\000c\000i\000\363\000n\000\040\000d\000e\000\040\000f\000r\000o\000n\000t\000-\000e\000n\000d}{subsection.6.3}% 33
\BOOKMARK [2][-]{subsection.6.4}{\376\377\000P\000r\000u\000e\000b\000a\000s}{section.6}% 34
\BOOKMARK [2][-]{subsection.6.5}{\376\377\000D\000e\000s\000p\000l\000i\000e\000g\000u\000e}{section.6}% 35
\BOOKMARK [1][-]{section.7}{\376\377\000C\000o\000n\000c\000l\000u\000s\000i\000o\000n\000e\000s\000\040\000y\000\040\000v\000\355\000a\000s\000\040\000f\000u\000t\000u\000r\000a\000s}{}% 36
\BOOKMARK [1][-]{section.8}{\376\377\000B\000i\000b\000l\000i\000o\000g\000r\000a\000f\000\355\000a}{}% 37
