This is pdfTeX, Version 3.141592653-2.6-1.40.25 (MiKTeX 24.1) (preloaded format=pdflatex 2024.3.13)  28 MAY 2024 00:16
entering extended mode
 restricted \write18 enabled.
 file:line:error style messages enabled.
 %&-line parsing enabled.
**c:/Users/RubénSanchezFernande/Desktop/TFG/TFG-Rubén-Proyecto-latex/TFG-Rubén-Sánchez.tex
(c:/Users/RubénSanchezFernande/Desktop/TFG/TFG-Rubén-Proyecto-latex/TFG-Rubén-Sánchez.tex
LaTeX2e <2023-11-01> patch level 1
L3 programming layer <2024-01-04>
(C:\Users\RubénSanchezFernande\AppData\Local\Programs\MiKTeX\tex/latex/base\article.cls
Document Class: article 2023/05/17 v1.4n Standard LaTeX document class
(C:\Users\RubénSanchezFernande\AppData\Local\Programs\MiKTeX\tex/latex/base\size12.clo
File: size12.clo 2023/05/17 v1.4n Standard LaTeX file (size option)
)
\c@part=\count187
\c@section=\count188
\c@subsection=\count189
\c@subsubsection=\count190
\c@paragraph=\count191
\c@subparagraph=\count192
\c@figure=\count193
\c@table=\count194
\abovecaptionskip=\skip48
\belowcaptionskip=\skip49
\bibindent=\dimen140
) (C:\Users\RubénSanchezFernande\AppData\Local\Programs\MiKTeX\tex/latex/base\inputenc.sty
Package: inputenc 2021/02/14 v1.3d Input encoding file
\inpenc@prehook=\toks17
\inpenc@posthook=\toks18
) (C:\Users\RubénSanchezFernande\AppData\Local\Programs\MiKTeX\tex/latex/enumitem\enumitem.sty
Package: enumitem 2019/06/20 v3.9 Customized lists
\enitkv@toks@=\toks19
\labelindent=\skip50
\enit@outerparindent=\dimen141
\enit@toks=\toks20
\enit@inbox=\box51
\enit@count@id=\count195
\enitdp@description=\count196
) (C:\Users\RubénSanchezFernande\AppData\Local\Programs\MiKTeX\tex/generic/babel\babel.sty
Package: babel 2024/01/07 v24.1 The Babel package
\babel@savecnt=\count197
\U@D=\dimen142
\l@unhyphenated=\language79
 (C:\Users\RubénSanchezFernande\AppData\Local\Programs\MiKTeX\tex/generic/babel\txtbabel.def)
\bbl@readstream=\read2
\bbl@dirlevel=\count198

*************************************
* Local config file bblopts.cfg used
*
(C:\Users\RubénSanchezFernande\AppData\Local\Programs\MiKTeX\tex/latex/arabi\bblopts.cfg
File: bblopts.cfg 2005/09/08 v0.1 add Arabic and Farsi to "declared" options of babel
) (C:\Users\RubénSanchezFernande\AppData\Local\Programs\MiKTeX\tex/latex/babel-spanish\spanish.ldf
Language: spanish.ldf 2021/05/27 v5.0q Spanish support from the babel system
\es@quottoks=\toks21
\es@quotdepth=\count199
Package babel Info: Making " an active character on input line 570.
Package babel Info: Making . an active character on input line 675.
Package babel Info: Making < an active character on input line 722.
Package babel Info: Making > an active character on input line 722.
)) (C:\Users\RubénSanchezFernande\AppData\Local\Programs\MiKTeX\tex/generic/babel/locale/es\babel-spanish.tex
Package babel Info: Importing font and identification data for spanish
(babel)             from babel-es.ini. Reported on input line 11.
) (C:\Users\RubénSanchezFernande\AppData\Local\Programs\MiKTeX\tex/latex/lm\lmodern.sty
Package: lmodern 2015/05/01 v1.6.1 Latin Modern Fonts
LaTeX Font Info:    Overwriting symbol font `operators' in version `normal'
(Font)                  OT1/cmr/m/n --> OT1/lmr/m/n on input line 22.
LaTeX Font Info:    Overwriting symbol font `letters' in version `normal'
(Font)                  OML/cmm/m/it --> OML/lmm/m/it on input line 23.
LaTeX Font Info:    Overwriting symbol font `symbols' in version `normal'
(Font)                  OMS/cmsy/m/n --> OMS/lmsy/m/n on input line 24.
LaTeX Font Info:    Overwriting symbol font `largesymbols' in version `normal'
(Font)                  OMX/cmex/m/n --> OMX/lmex/m/n on input line 25.
LaTeX Font Info:    Overwriting symbol font `operators' in version `bold'
(Font)                  OT1/cmr/bx/n --> OT1/lmr/bx/n on input line 26.
LaTeX Font Info:    Overwriting symbol font `letters' in version `bold'
(Font)                  OML/cmm/b/it --> OML/lmm/b/it on input line 27.
LaTeX Font Info:    Overwriting symbol font `symbols' in version `bold'
(Font)                  OMS/cmsy/b/n --> OMS/lmsy/b/n on input line 28.
LaTeX Font Info:    Overwriting symbol font `largesymbols' in version `bold'
(Font)                  OMX/cmex/m/n --> OMX/lmex/m/n on input line 29.
LaTeX Font Info:    Overwriting math alphabet `\mathbf' in version `normal'
(Font)                  OT1/cmr/bx/n --> OT1/lmr/bx/n on input line 31.
LaTeX Font Info:    Overwriting math alphabet `\mathsf' in version `normal'
(Font)                  OT1/cmss/m/n --> OT1/lmss/m/n on input line 32.
LaTeX Font Info:    Overwriting math alphabet `\mathit' in version `normal'
(Font)                  OT1/cmr/m/it --> OT1/lmr/m/it on input line 33.
LaTeX Font Info:    Overwriting math alphabet `\mathtt' in version `normal'
(Font)                  OT1/cmtt/m/n --> OT1/lmtt/m/n on input line 34.
LaTeX Font Info:    Overwriting math alphabet `\mathbf' in version `bold'
(Font)                  OT1/cmr/bx/n --> OT1/lmr/bx/n on input line 35.
LaTeX Font Info:    Overwriting math alphabet `\mathsf' in version `bold'
(Font)                  OT1/cmss/bx/n --> OT1/lmss/bx/n on input line 36.
LaTeX Font Info:    Overwriting math alphabet `\mathit' in version `bold'
(Font)                  OT1/cmr/bx/it --> OT1/lmr/bx/it on input line 37.
LaTeX Font Info:    Overwriting math alphabet `\mathtt' in version `bold'
(Font)                  OT1/cmtt/m/n --> OT1/lmtt/m/n on input line 38.
) (C:\Users\RubénSanchezFernande\AppData\Local\Programs\MiKTeX\tex/latex/graphics\graphicx.sty
Package: graphicx 2021/09/16 v1.2d Enhanced LaTeX Graphics (DPC,SPQR)
 (C:\Users\RubénSanchezFernande\AppData\Local\Programs\MiKTeX\tex/latex/graphics\keyval.sty
Package: keyval 2022/05/29 v1.15 key=value parser (DPC)
\KV@toks@=\toks22
) (C:\Users\RubénSanchezFernande\AppData\Local\Programs\MiKTeX\tex/latex/graphics\graphics.sty
Package: graphics 2022/03/10 v1.4e Standard LaTeX Graphics (DPC,SPQR)
 (C:\Users\RubénSanchezFernande\AppData\Local\Programs\MiKTeX\tex/latex/graphics\trig.sty
Package: trig 2021/08/11 v1.11 sin cos tan (DPC)
) (C:\Users\RubénSanchezFernande\AppData\Local\Programs\MiKTeX\tex/latex/graphics-cfg\graphics.cfg
File: graphics.cfg 2016/06/04 v1.11 sample graphics configuration
)
Package graphics Info: Driver file: pdftex.def on input line 107.
 (C:\Users\RubénSanchezFernande\AppData\Local\Programs\MiKTeX\tex/latex/graphics-def\pdftex.def
File: pdftex.def 2022/09/22 v1.2b Graphics/color driver for pdftex
))
\Gin@req@height=\dimen143
\Gin@req@width=\dimen144
) (C:\Users\RubénSanchezFernande\AppData\Local\Programs\MiKTeX\tex/latex/pdfpages\pdfpages.sty
Package: pdfpages 2024/01/21 v0.5y Insert pages of external PDF documents (AM)
 (C:\Users\RubénSanchezFernande\AppData\Local\Programs\MiKTeX\tex/latex/base\ifthen.sty
Package: ifthen 2022/04/13 v1.1d Standard LaTeX ifthen package (DPC)
) (C:\Users\RubénSanchezFernande\AppData\Local\Programs\MiKTeX\tex/latex/tools\calc.sty
Package: calc 2023/07/08 v4.3 Infix arithmetic (KKT,FJ)
\calc@Acount=\count266
\calc@Bcount=\count267
\calc@Adimen=\dimen145
\calc@Bdimen=\dimen146
\calc@Askip=\skip51
\calc@Bskip=\skip52
LaTeX Info: Redefining \setlength on input line 80.
LaTeX Info: Redefining \addtolength on input line 81.
\calc@Ccount=\count268
\calc@Cskip=\skip53
) (C:\Users\RubénSanchezFernande\AppData\Local\Programs\MiKTeX\tex/latex/eso-pic\eso-pic.sty
Package: eso-pic 2023/05/03 v3.0c eso-pic (RN)
\ESO@tempdima=\dimen147
\ESO@tempdimb=\dimen148
 (C:\Users\RubénSanchezFernande\AppData\Local\Programs\MiKTeX\tex/latex/xcolor\xcolor.sty
Package: xcolor 2023/11/15 v3.01 LaTeX color extensions (UK)
 (C:\Users\RubénSanchezFernande\AppData\Local\Programs\MiKTeX\tex/latex/graphics-cfg\color.cfg
File: color.cfg 2016/01/02 v1.6 sample color configuration
)
Package xcolor Info: Driver file: pdftex.def on input line 274.
 (C:\Users\RubénSanchezFernande\AppData\Local\Programs\MiKTeX\tex/latex/graphics\mathcolor.ltx)
Package xcolor Info: Model `cmy' substituted by `cmy0' on input line 1350.
Package xcolor Info: Model `hsb' substituted by `rgb' on input line 1354.
Package xcolor Info: Model `RGB' extended on input line 1366.
Package xcolor Info: Model `HTML' substituted by `rgb' on input line 1368.
Package xcolor Info: Model `Hsb' substituted by `hsb' on input line 1369.
Package xcolor Info: Model `tHsb' substituted by `hsb' on input line 1370.
Package xcolor Info: Model `HSB' substituted by `hsb' on input line 1371.
Package xcolor Info: Model `Gray' substituted by `gray' on input line 1372.
Package xcolor Info: Model `wave' substituted by `hsb' on input line 1373.
))
\AM@pagewidth=\dimen149
\AM@pageheight=\dimen150
\AM@fboxrule=\dimen151
 (C:\Users\RubénSanchezFernande\AppData\Local\Programs\MiKTeX\tex/latex/pdfpages\pppdftex.def
File: pppdftex.def 2024/01/21 v0.5y Pdfpages driver for pdfTeX (AM)
)
\pdfpages@includegraphics@status=\count269
\AM@pagebox=\box52
\AM@global@opts=\toks23
\AM@pagecnt=\count270
\AM@toc@title=\toks24
\AM@lof@heading=\toks25
\c@AM@survey=\count271
\AM@templatesizebox=\box53
) (C:\Users\RubénSanchezFernande\AppData\Local\Programs\MiKTeX\tex/latex/url\url.sty
\Urlmuskip=\muskip16
Package: url 2013/09/16  ver 3.4  Verb mode for urls, etc.
) (C:\Users\RubénSanchezFernande\AppData\Local\Programs\MiKTeX\tex/latex/float\float.sty
Package: float 2001/11/08 v1.3d Float enhancements (AL)
\c@float@type=\count272
\float@exts=\toks26
\float@box=\box54
\@float@everytoks=\toks27
\@floatcapt=\box55
) (C:\Users\RubénSanchezFernande\AppData\Local\Programs\MiKTeX\tex/latex/geometry\geometry.sty
Package: geometry 2020/01/02 v5.9 Page Geometry
 (C:\Users\RubénSanchezFernande\AppData\Local\Programs\MiKTeX\tex/generic/iftex\ifvtex.sty
Package: ifvtex 2019/10/25 v1.7 ifvtex legacy package. Use iftex instead.
 (C:\Users\RubénSanchezFernande\AppData\Local\Programs\MiKTeX\tex/generic/iftex\iftex.sty
Package: iftex 2022/02/03 v1.0f TeX engine tests
))
\Gm@cnth=\count273
\Gm@cntv=\count274
\c@Gm@tempcnt=\count275
\Gm@bindingoffset=\dimen152
\Gm@wd@mp=\dimen153
\Gm@odd@mp=\dimen154
\Gm@even@mp=\dimen155
\Gm@layoutwidth=\dimen156
\Gm@layoutheight=\dimen157
\Gm@layouthoffset=\dimen158
\Gm@layoutvoffset=\dimen159
\Gm@dimlist=\toks28
 (C:\Users\RubénSanchezFernande\AppData\Local\Programs\MiKTeX\tex/latex/geometry\geometry.cfg)) (C:\Users\RubénSanchezFernande\AppData\Local\Programs\MiKTeX\tex/latex/fancyvrb\fancyvrb.sty
Package: fancyvrb 2024/01/20 4.5c verbatim text (tvz,hv)
\FV@CodeLineNo=\count276
\FV@InFile=\read3
\FV@TabBox=\box56
\c@FancyVerbLine=\count277
\FV@StepNumber=\count278
\FV@OutFile=\write3
) (C:\Users\RubénSanchezFernande\AppData\Local\Programs\MiKTeX\tex/latex/fancyhdr\fancyhdr.sty
Package: fancyhdr 2022/11/09 v4.1 Extensive control of page headers and footers
\f@nch@headwidth=\skip54
\f@nch@O@elh=\skip55
\f@nch@O@erh=\skip56
\f@nch@O@olh=\skip57
\f@nch@O@orh=\skip58
\f@nch@O@elf=\skip59
\f@nch@O@erf=\skip60
\f@nch@O@olf=\skip61
\f@nch@O@orf=\skip62
) (C:\Users\RubénSanchezFernande\AppData\Local\Programs\MiKTeX\tex/latex/titlesec\titlesec.sty
Package: titlesec 2023/10/27 v2.16 Sectioning titles
\ttl@box=\box57
\beforetitleunit=\skip63
\aftertitleunit=\skip64
\ttl@plus=\dimen160
\ttl@minus=\dimen161
\ttl@toksa=\toks29
\titlewidth=\dimen162
\titlewidthlast=\dimen163
\titlewidthfirst=\dimen164
) (C:\Users\RubénSanchezFernande\AppData\Local\Programs\MiKTeX\tex/latex/amsmath\amsmath.sty
Package: amsmath 2023/05/13 v2.17o AMS math features
\@mathmargin=\skip65

For additional information on amsmath, use the `?' option.
(C:\Users\RubénSanchezFernande\AppData\Local\Programs\MiKTeX\tex/latex/amsmath\amstext.sty
Package: amstext 2021/08/26 v2.01 AMS text
 (C:\Users\RubénSanchezFernande\AppData\Local\Programs\MiKTeX\tex/latex/amsmath\amsgen.sty
File: amsgen.sty 1999/11/30 v2.0 generic functions
\@emptytoks=\toks30
\ex@=\dimen165
)) (C:\Users\RubénSanchezFernande\AppData\Local\Programs\MiKTeX\tex/latex/amsmath\amsbsy.sty
Package: amsbsy 1999/11/29 v1.2d Bold Symbols
\pmbraise@=\dimen166
) (C:\Users\RubénSanchezFernande\AppData\Local\Programs\MiKTeX\tex/latex/amsmath\amsopn.sty
Package: amsopn 2022/04/08 v2.04 operator names
)
\inf@bad=\count279
LaTeX Info: Redefining \frac on input line 234.
\uproot@=\count280
\leftroot@=\count281
LaTeX Info: Redefining \overline on input line 399.
LaTeX Info: Redefining \colon on input line 410.
\classnum@=\count282
\DOTSCASE@=\count283
LaTeX Info: Redefining \ldots on input line 496.
LaTeX Info: Redefining \dots on input line 499.
LaTeX Info: Redefining \cdots on input line 620.
\Mathstrutbox@=\box58
\strutbox@=\box59
LaTeX Info: Redefining \big on input line 722.
LaTeX Info: Redefining \Big on input line 723.
LaTeX Info: Redefining \bigg on input line 724.
LaTeX Info: Redefining \Bigg on input line 725.
\big@size=\dimen167
LaTeX Font Info:    Redeclaring font encoding OML on input line 743.
LaTeX Font Info:    Redeclaring font encoding OMS on input line 744.
\macc@depth=\count284
LaTeX Info: Redefining \bmod on input line 905.
LaTeX Info: Redefining \pmod on input line 910.
LaTeX Info: Redefining \smash on input line 940.
LaTeX Info: Redefining \relbar on input line 970.
LaTeX Info: Redefining \Relbar on input line 971.
\c@MaxMatrixCols=\count285
\dotsspace@=\muskip17
\c@parentequation=\count286
\dspbrk@lvl=\count287
\tag@help=\toks31
\row@=\count288
\column@=\count289
\maxfields@=\count290
\andhelp@=\toks32
\eqnshift@=\dimen168
\alignsep@=\dimen169
\tagshift@=\dimen170
\tagwidth@=\dimen171
\totwidth@=\dimen172
\lineht@=\dimen173
\@envbody=\toks33
\multlinegap=\skip66
\multlinetaggap=\skip67
\mathdisplay@stack=\toks34
LaTeX Info: Redefining \[ on input line 2953.
LaTeX Info: Redefining \] on input line 2954.
) (C:\Users\RubénSanchezFernande\AppData\Local\Programs\MiKTeX\tex/latex/hyperref\hyperref.sty
Package: hyperref 2023-11-26 v7.01g Hypertext links for LaTeX
 (C:\Users\RubénSanchezFernande\AppData\Local\Programs\MiKTeX\tex/generic/infwarerr\infwarerr.sty
Package: infwarerr 2019/12/03 v1.5 Providing info/warning/error messages (HO)
) (C:\Users\RubénSanchezFernande\AppData\Local\Programs\MiKTeX\tex/latex/kvsetkeys\kvsetkeys.sty
Package: kvsetkeys 2022-10-05 v1.19 Key value parser (HO)
) (C:\Users\RubénSanchezFernande\AppData\Local\Programs\MiKTeX\tex/generic/kvdefinekeys\kvdefinekeys.sty
Package: kvdefinekeys 2019-12-19 v1.6 Define keys (HO)
) (C:\Users\RubénSanchezFernande\AppData\Local\Programs\MiKTeX\tex/generic/pdfescape\pdfescape.sty
Package: pdfescape 2019/12/09 v1.15 Implements pdfTeX's escape features (HO)
 (C:\Users\RubénSanchezFernande\AppData\Local\Programs\MiKTeX\tex/generic/ltxcmds\ltxcmds.sty
Package: ltxcmds 2023-12-04 v1.26 LaTeX kernel commands for general use (HO)
) (C:\Users\RubénSanchezFernande\AppData\Local\Programs\MiKTeX\tex/generic/pdftexcmds\pdftexcmds.sty
Package: pdftexcmds 2020-06-27 v0.33 Utility functions of pdfTeX for LuaTeX (HO)
Package pdftexcmds Info: \pdf@primitive is available.
Package pdftexcmds Info: \pdf@ifprimitive is available.
Package pdftexcmds Info: \pdfdraftmode found.
)) (C:\Users\RubénSanchezFernande\AppData\Local\Programs\MiKTeX\tex/latex/hycolor\hycolor.sty
Package: hycolor 2020-01-27 v1.10 Color options for hyperref/bookmark (HO)
) (C:\Users\RubénSanchezFernande\AppData\Local\Programs\MiKTeX\tex/latex/letltxmacro\letltxmacro.sty
Package: letltxmacro 2019/12/03 v1.6 Let assignment for LaTeX macros (HO)
) (C:\Users\RubénSanchezFernande\AppData\Local\Programs\MiKTeX\tex/latex/auxhook\auxhook.sty
Package: auxhook 2019-12-17 v1.6 Hooks for auxiliary files (HO)
) (C:\Users\RubénSanchezFernande\AppData\Local\Programs\MiKTeX\tex/latex/hyperref\nameref.sty
Package: nameref 2023-11-26 v2.56 Cross-referencing by name of section
 (C:\Users\RubénSanchezFernande\AppData\Local\Programs\MiKTeX\tex/latex/refcount\refcount.sty
Package: refcount 2019/12/15 v3.6 Data extraction from label references (HO)
) (C:\Users\RubénSanchezFernande\AppData\Local\Programs\MiKTeX\tex/generic/gettitlestring\gettitlestring.sty
Package: gettitlestring 2019/12/15 v1.6 Cleanup title references (HO)
 (C:\Users\RubénSanchezFernande\AppData\Local\Programs\MiKTeX\tex/latex/kvoptions\kvoptions.sty
Package: kvoptions 2022-06-15 v3.15 Key value format for package options (HO)
))
\c@section@level=\count291
) (C:\Users\RubénSanchezFernande\AppData\Local\Programs\MiKTeX\tex/latex/etoolbox\etoolbox.sty
Package: etoolbox 2020/10/05 v2.5k e-TeX tools for LaTeX (JAW)
\etb@tempcnta=\count292
)
\@linkdim=\dimen174
\Hy@linkcounter=\count293
\Hy@pagecounter=\count294
 (C:\Users\RubénSanchezFernande\AppData\Local\Programs\MiKTeX\tex/latex/hyperref\pd1enc.def
File: pd1enc.def 2023-11-26 v7.01g Hyperref: PDFDocEncoding definition (HO)
Now handling font encoding PD1 ...
... no UTF-8 mapping file for font encoding PD1
) (C:\Users\RubénSanchezFernande\AppData\Local\Programs\MiKTeX\tex/generic/intcalc\intcalc.sty
Package: intcalc 2019/12/15 v1.3 Expandable calculations with integers (HO)
)
\Hy@SavedSpaceFactor=\count295
 (C:\Users\RubénSanchezFernande\AppData\Local\Programs\MiKTeX\tex/latex/hyperref\puenc.def
File: puenc.def 2023-11-26 v7.01g Hyperref: PDF Unicode definition (HO)
Now handling font encoding PU ...
... no UTF-8 mapping file for font encoding PU
)
Package hyperref Info: Hyper figures OFF on input line 4181.
Package hyperref Info: Link nesting OFF on input line 4186.
Package hyperref Info: Hyper index ON on input line 4189.
Package hyperref Info: Plain pages OFF on input line 4196.
Package hyperref Info: Backreferencing OFF on input line 4201.
Package hyperref Info: Implicit mode ON; LaTeX internals redefined.
Package hyperref Info: Bookmarks ON on input line 4448.
\c@Hy@tempcnt=\count296
LaTeX Info: Redefining \url on input line 4786.
\XeTeXLinkMargin=\dimen175
 (C:\Users\RubénSanchezFernande\AppData\Local\Programs\MiKTeX\tex/generic/bitset\bitset.sty
Package: bitset 2019/12/09 v1.3 Handle bit-vector datatype (HO)
 (C:\Users\RubénSanchezFernande\AppData\Local\Programs\MiKTeX\tex/generic/bigintcalc\bigintcalc.sty
Package: bigintcalc 2019/12/15 v1.5 Expandable calculations on big integers (HO)
))
\Fld@menulength=\count297
\Field@Width=\dimen176
\Fld@charsize=\dimen177
Package hyperref Info: Hyper figures OFF on input line 6065.
Package hyperref Info: Link nesting OFF on input line 6070.
Package hyperref Info: Hyper index ON on input line 6073.
Package hyperref Info: backreferencing OFF on input line 6080.
Package hyperref Info: Link coloring OFF on input line 6085.
Package hyperref Info: Link coloring with OCG OFF on input line 6090.
Package hyperref Info: PDF/A mode OFF on input line 6095.
 (C:\Users\RubénSanchezFernande\AppData\Local\Programs\MiKTeX\tex/latex/base\atbegshi-ltx.sty
Package: atbegshi-ltx 2021/01/10 v1.0c Emulation of the original atbegshi
package with kernel methods
)
\Hy@abspage=\count298
\c@Item=\count299
\c@Hfootnote=\count300
)
Package hyperref Info: Driver (autodetected): hpdftex.
 (C:\Users\RubénSanchezFernande\AppData\Local\Programs\MiKTeX\tex/latex/hyperref\hpdftex.def
File: hpdftex.def 2023-11-26 v7.01g Hyperref driver for pdfTeX
 (C:\Users\RubénSanchezFernande\AppData\Local\Programs\MiKTeX\tex/latex/base\atveryend-ltx.sty
Package: atveryend-ltx 2020/08/19 v1.0a Emulation of the original atveryend package
with kernel methods
)
\Fld@listcount=\count301
\c@bookmark@seq@number=\count302
 (C:\Users\RubénSanchezFernande\AppData\Local\Programs\MiKTeX\tex/latex/rerunfilecheck\rerunfilecheck.sty
Package: rerunfilecheck 2022-07-10 v1.10 Rerun checks for auxiliary files (HO)
 (C:\Users\RubénSanchezFernande\AppData\Local\Programs\MiKTeX\tex/generic/uniquecounter\uniquecounter.sty
Package: uniquecounter 2019/12/15 v1.4 Provide unlimited unique counter (HO)
)
Package uniquecounter Info: New unique counter `rerunfilecheck' on input line 285.
)
\Hy@SectionHShift=\skip68
) (C:\Users\RubénSanchezFernande\AppData\Local\Programs\MiKTeX\tex/latex/datetime\datetime.sty
Package: datetime 2015/03/20 v2.60 Date Time Package
 (C:\Users\RubénSanchezFernande\AppData\Local\Programs\MiKTeX\tex/latex/fmtcount\fmtcount.sty
Package: fmtcount 2020/01/30 v3.07
 (C:\Users\RubénSanchezFernande\AppData\Local\Programs\MiKTeX\tex/latex/xkeyval\xkeyval.sty
Package: xkeyval 2022/06/16 v2.9 package option processing (HA)
 (C:\Users\RubénSanchezFernande\AppData\Local\Programs\MiKTeX\tex/generic/xkeyval\xkeyval.tex (C:\Users\RubénSanchezFernande\AppData\Local\Programs\MiKTeX\tex/generic/xkeyval\xkvutils.tex
\XKV@toks=\toks35
\XKV@tempa@toks=\toks36
)
\XKV@depth=\count303
File: xkeyval.tex 2014/12/03 v2.7a key=value parser (HA)
)) (C:\Users\RubénSanchezFernande\AppData\Local\Programs\MiKTeX\tex/latex/fmtcount\fcprefix.sty
Package: fcprefix 2012/09/28
 (C:\Users\RubénSanchezFernande\AppData\Local\Programs\MiKTeX\tex/latex/fmtcount\fcnumparser.sty
Package: fcnumparser 2017/06/15
\fc@digit@counter=\count304
))
\c@padzeroesN=\count305
\fc@tmpcatcode=\count306
\@DT@modctr=\count307
\@ordinalctr=\count308
\@orgargctr=\count309
\@strctr=\count310
\@tmpstrctr=\count311
\@DT@loopN=\count312
\@DT@X=\count313
) (C:\Users\RubénSanchezFernande\AppData\Local\Programs\MiKTeX\tex/latex/datetime\datetime-defaults.sty
Package: datetime-defaults 2013/09/10
)
\@day=\count314
\@month=\count315
\@year=\count316
\c@HOUR=\count317
\c@HOURXII=\count318
\c@MINUTE=\count319
\c@TOHOUR=\count320
\c@TOMINUTE=\count321
\c@SECOND=\count322
\currenthour=\count323
\currentminute=\count324
\currentsecond=\count325
Package datetime Info: No datetime.cfg file found, using default settings on input line 308.
\@dtctr=\count326
\dayofyear=\count327
\dayofweek=\count328
LaTeX Info: Redefining \today on input line 736.
 (C:\Users\RubénSanchezFernande\AppData\Local\Programs\MiKTeX\tex/latex/datetime\dt-spanish.def
File: dt-spanish.def 2013/09/10
LaTeX Info: Redefining \datespanish on input line 85.
)
\dt@a=\toks37
\dt@b=\toks38
) (C:\Users\RubénSanchezFernande\AppData\Local\Programs\MiKTeX\tex/latex/base\textcomp.sty
Package: textcomp 2020/02/02 v2.0n Standard LaTeX package
) (C:\Users\RubénSanchezFernande\AppData\Local\Programs\MiKTeX\tex/latex/tools\tabularx.sty
Package: tabularx 2023/07/08 v2.11c `tabularx' package (DPC)
 (C:\Users\RubénSanchezFernande\AppData\Local\Programs\MiKTeX\tex/latex/tools\array.sty
Package: array 2023/10/16 v2.5g Tabular extension package (FMi)
\col@sep=\dimen178
\ar@mcellbox=\box60
\extrarowheight=\dimen179
\NC@list=\toks39
\extratabsurround=\skip69
\backup@length=\skip70
\ar@cellbox=\box61
)
\TX@col@width=\dimen180
\TX@old@table=\dimen181
\TX@old@col=\dimen182
\TX@target=\dimen183
\TX@delta=\dimen184
\TX@cols=\count329
\TX@ftn=\toks40
) (C:\Users\RubénSanchezFernande\AppData\Local\Programs\MiKTeX\tex/latex/listings\listings.sty
\lst@mode=\count330
\lst@gtempboxa=\box62
\lst@token=\toks41
\lst@length=\count331
\lst@currlwidth=\dimen185
\lst@column=\count332
\lst@pos=\count333
\lst@lostspace=\dimen186
\lst@width=\dimen187
\lst@newlines=\count334
\lst@lineno=\count335
\lst@maxwidth=\dimen188
 (C:\Users\RubénSanchezFernande\AppData\Local\Programs\MiKTeX\tex/latex/listings\lstmisc.sty
File: lstmisc.sty 2023/02/27 1.9 (Carsten Heinz)
\c@lstnumber=\count336
\lst@skipnumbers=\count337
\lst@framebox=\box63
) (C:\Users\RubénSanchezFernande\AppData\Local\Programs\MiKTeX\tex/latex/listings\listings.cfg
File: listings.cfg 2023/02/27 1.9 listings configuration
))
Package: listings 2023/02/27 1.9 (Carsten Heinz)
 (C:\Users\RubénSanchezFernande\AppData\Local\Programs\MiKTeX\tex/latex/amscls\amsthm.sty
Package: amsthm 2020/05/29 v2.20.6
\thm@style=\toks42
\thm@bodyfont=\toks43
\thm@headfont=\toks44
\thm@notefont=\toks45
\thm@headpunct=\toks46
\thm@preskip=\skip71
\thm@postskip=\skip72
\thm@headsep=\skip73
\dth@everypar=\toks47
) (C:\Users\RubénSanchezFernande\AppData\Local\Programs\MiKTeX\tex/latex/amsfonts\amssymb.sty
Package: amssymb 2013/01/14 v3.01 AMS font symbols
 (C:\Users\RubénSanchezFernande\AppData\Local\Programs\MiKTeX\tex/latex/amsfonts\amsfonts.sty
Package: amsfonts 2013/01/14 v3.01 Basic AMSFonts support
\symAMSa=\mathgroup4
\symAMSb=\mathgroup5
LaTeX Font Info:    Redeclaring math symbol \hbar on input line 98.
LaTeX Font Info:    Overwriting math alphabet `\mathfrak' in version `bold'
(Font)                  U/euf/m/n --> U/euf/b/n on input line 106.
)) (C:\Users\RubénSanchezFernande\AppData\Local\Programs\MiKTeX\tex/latex/tabu\tabu.sty
Package: tabu 2019/01/11 v2.9 - flexible LaTeX tabulars (FC+tabu-fixed)
 (C:\Users\RubénSanchezFernande\AppData\Local\Programs\MiKTeX\tex/latex/varwidth\varwidth.sty
Package: varwidth 2009/03/30 ver 0.92;  Variable-width minipages
\@vwid@box=\box64
\sift@deathcycles=\count338
\@vwid@loff=\dimen189
\@vwid@roff=\dimen190
)
\c@taburow=\count339
\tabu@nbcols=\count340
\tabu@cnt=\count341
\tabu@Xcol=\count342
\tabu@alloc=\count343
\tabu@nested=\count344
\tabu@target=\dimen191
\tabu@spreadtarget=\dimen192
\tabu@naturalX=\dimen193
\tabucolX=\dimen194
\tabu@Xsum=\dimen195
\extrarowdepth=\dimen196
\abovetabulinesep=\dimen197
\belowtabulinesep=\dimen198
\tabustrutrule=\dimen199
\tabu@thebody=\toks48
\tabu@footnotes=\toks49
\tabu@box=\box65
\tabu@arstrutbox=\box66
\tabu@hleads=\box67
\tabu@vleads=\box68
\tabu@cellskip=\skip74
) (C:\Users\RubénSanchezFernande\AppData\Local\Programs\MiKTeX\tex/latex/tools\multicol.sty
Package: multicol 2023/03/30 v1.9f multicolumn formatting (FMi)
\c@tracingmulticols=\count345
\mult@box=\box69
\multicol@leftmargin=\dimen256
\c@unbalance=\count346
\c@collectmore=\count347
\doublecol@number=\count348
\multicoltolerance=\count349
\multicolpretolerance=\count350
\full@width=\dimen257
\page@free=\dimen258
\premulticols=\dimen259
\postmulticols=\dimen260
\multicolsep=\skip75
\multicolbaselineskip=\skip76
\partial@page=\box70
\last@line=\box71
\mc@boxedresult=\box72
\maxbalancingoverflow=\dimen261
\mult@rightbox=\box73
\mult@grightbox=\box74
\mult@firstbox=\box75
\mult@gfirstbox=\box76
\@tempa=\box77
\@tempa=\box78
\@tempa=\box79
\@tempa=\box80
\@tempa=\box81
\@tempa=\box82
\@tempa=\box83
\@tempa=\box84
\@tempa=\box85
\@tempa=\box86
\@tempa=\box87
\@tempa=\box88
\@tempa=\box89
\@tempa=\box90
\@tempa=\box91
\@tempa=\box92
\@tempa=\box93
\@tempa=\box94
\@tempa=\box95
\@tempa=\box96
\@tempa=\box97
\@tempa=\box98
\@tempa=\box99
\@tempa=\box100
\@tempa=\box101
\@tempa=\box102
\@tempa=\box103
\@tempa=\box104
\@tempa=\box105
\@tempa=\box106
\@tempa=\box107
\@tempa=\box108
\@tempa=\box109
\@tempa=\box110
\@tempa=\box111
\@tempa=\box112
\c@minrows=\count351
\c@columnbadness=\count352
\c@finalcolumnbadness=\count353
\last@try=\dimen262
\multicolovershoot=\dimen263
\multicolundershoot=\dimen264
\mult@nat@firstbox=\box113
\colbreak@box=\box114
\mc@col@check@num=\count354
) (C:\Users\RubénSanchezFernande\AppData\Local\Programs\MiKTeX\tex/latex/breakurl\breakurl.sty
Package: breakurl 2013/04/10 v1.40 Breakable hyperref URLs
 (C:\Users\RubénSanchezFernande\AppData\Local\Programs\MiKTeX\tex/generic/iftex\ifpdf.sty
Package: ifpdf 2019/10/25 v3.4 ifpdf legacy package. Use iftex instead.
)

Package breakurl Warning: You are using breakurl while processing via pdflatex.
(breakurl)                \burl will be just a synonym of \url.
(breakurl)                 on input line 48.

) (C:\Users\RubénSanchezFernande\AppData\Local\Programs\MiKTeX\tex/latex/base\fontenc.sty
Package: fontenc 2021/04/29 v2.0v Standard LaTeX package
LaTeX Font Info:    Trying to load font information for T1+lmr on input line 112.
 (C:\Users\RubénSanchezFernande\AppData\Local\Programs\MiKTeX\tex/latex/lm\t1lmr.fd
File: t1lmr.fd 2015/05/01 v1.6.1 Font defs for Latin Modern
)) (C:\Users\RubénSanchezFernande\AppData\Local\Programs\MiKTeX\tex/latex/tocloft\tocloft.sty
Package: tocloft 2017/08/31 v2.3i parameterised ToC, etc., typesetting
Package tocloft Info: The document has section divisions on input line 51.
\cftparskip=\skip77
\cftbeforetoctitleskip=\skip78
\cftaftertoctitleskip=\skip79
\cftbeforepartskip=\skip80
\cftpartnumwidth=\skip81
\cftpartindent=\skip82
\cftbeforesecskip=\skip83
\cftsecindent=\skip84
\cftsecnumwidth=\skip85
\cftbeforesubsecskip=\skip86
\cftsubsecindent=\skip87
\cftsubsecnumwidth=\skip88
\cftbeforesubsubsecskip=\skip89
\cftsubsubsecindent=\skip90
\cftsubsubsecnumwidth=\skip91
\cftbeforeparaskip=\skip92
\cftparaindent=\skip93
\cftparanumwidth=\skip94
\cftbeforesubparaskip=\skip95
\cftsubparaindent=\skip96
\cftsubparanumwidth=\skip97
\cftbeforeloftitleskip=\skip98
\cftafterloftitleskip=\skip99
\cftbeforefigskip=\skip100
\cftfigindent=\skip101
\cftfignumwidth=\skip102
\c@lofdepth=\count355
\c@lotdepth=\count356
\cftbeforelottitleskip=\skip103
\cftafterlottitleskip=\skip104
\cftbeforetabskip=\skip105
\cfttabindent=\skip106
\cfttabnumwidth=\skip107
)
Package hyperref Info: Option `colorlinks' set `true' on input line 75.
 (C:\Users\RubénSanchezFernande\AppData\Local\Programs\MiKTeX\tex/latex/l3backend\l3backend-pdftex.def
File: l3backend-pdftex.def 2024-01-04 L3 backend support: PDF output (pdfTeX)
\l__color_backend_stack_int=\count357
\l__pdf_internal_box=\box115
) (TFG-Rubén-Sánchez.aux
LaTeX Info: Redefining \. on input line 11.
LaTeX Info: Redefining \% on input line 11.
)
\openout1 = `TFG-Rubén-Sánchez.aux'.

LaTeX Font Info:    Checking defaults for OML/cmm/m/it on input line 93.
LaTeX Font Info:    ... okay on input line 93.
LaTeX Font Info:    Checking defaults for OMS/cmsy/m/n on input line 93.
LaTeX Font Info:    ... okay on input line 93.
LaTeX Font Info:    Checking defaults for OT1/cmr/m/n on input line 93.
LaTeX Font Info:    ... okay on input line 93.
LaTeX Font Info:    Checking defaults for T1/cmr/m/n on input line 93.
LaTeX Font Info:    ... okay on input line 93.
LaTeX Font Info:    Checking defaults for TS1/cmr/m/n on input line 93.
LaTeX Font Info:    ... okay on input line 93.
LaTeX Font Info:    Checking defaults for OMX/cmex/m/n on input line 93.
LaTeX Font Info:    ... okay on input line 93.
LaTeX Font Info:    Checking defaults for U/cmr/m/n on input line 93.
LaTeX Font Info:    ... okay on input line 93.
LaTeX Font Info:    Checking defaults for PD1/pdf/m/n on input line 93.
LaTeX Font Info:    ... okay on input line 93.
LaTeX Font Info:    Checking defaults for PU/pdf/m/n on input line 93.
LaTeX Font Info:    ... okay on input line 93.
LaTeX Info: Redefining \. on input line 93.
LaTeX Info: Redefining \% on input line 93.
 (C:\Users\RubénSanchezFernande\AppData\Local\Programs\MiKTeX\tex/context/base/mkii\supp-pdf.mkii
[Loading MPS to PDF converter (version 2006.09.02).]
\scratchcounter=\count358
\scratchdimen=\dimen265
\scratchbox=\box116
\nofMPsegments=\count359
\nofMParguments=\count360
\everyMPshowfont=\toks50
\MPscratchCnt=\count361
\MPscratchDim=\dimen266
\MPnumerator=\count362
\makeMPintoPDFobject=\count363
\everyMPtoPDFconversion=\toks51
) (C:\Users\RubénSanchezFernande\AppData\Local\Programs\MiKTeX\tex/latex/epstopdf-pkg\epstopdf-base.sty
Package: epstopdf-base 2020-01-24 v2.11 Base part for package epstopdf
Package epstopdf-base Info: Redefining graphics rule for `.eps' on input line 485.
 (C:\Users\RubénSanchezFernande\AppData\Local\Programs\MiKTeX\tex/latex/00miktex\epstopdf-sys.cfg
File: epstopdf-sys.cfg 2021/03/18 v2.0 Configuration of epstopdf for MiKTeX
)) (C:\Users\RubénSanchezFernande\AppData\Local\Programs\MiKTeX\tex/latex/pdflscape\pdflscape.sty
Package: pdflscape 2022-10-27 v0.13 Display of landscape pages in PDF
 (C:\Users\RubénSanchezFernande\AppData\Local\Programs\MiKTeX\tex/latex/pdflscape\pdflscape-nometadata.sty
Package: pdflscape-nometadata 2022-10-28 v0.13 Display of landscape pages in PDF (HO)
 (C:\Users\RubénSanchezFernande\AppData\Local\Programs\MiKTeX\tex/latex/graphics\lscape.sty
Package: lscape 2020/05/28 v3.02 Landscape Pages (DPC)
)
Package pdflscape Info: Auto-detected driver: pdftex on input line 81.
))
*geometry* driver: auto-detecting
*geometry* detected driver: pdftex
*geometry* verbose mode - [ preamble ] result:
* driver: pdftex
* paper: a4paper
* layout: <same size as paper>
* layoutoffset:(h,v)=(0.0pt,0.0pt)
* modes: 
* h-part:(L,W,R)=(72.26999pt, 452.9679pt, 72.26999pt)
* v-part:(T,H,B)=(72.26999pt, 700.50687pt, 72.26999pt)
* \paperwidth=597.50787pt
* \paperheight=845.04684pt
* \textwidth=452.9679pt
* \textheight=700.50687pt
* \oddsidemargin=0.0pt
* \evensidemargin=0.0pt
* \topmargin=-37.0pt
* \headheight=15.71667pt
* \headsep=25.0pt
* \topskip=12.0pt
* \footskip=30.0pt
* \marginparwidth=44.0pt
* \marginparsep=10.0pt
* \columnsep=10.0pt
* \skip\footins=10.8pt plus 4.0pt minus 2.0pt
* \hoffset=0.0pt
* \voffset=0.0pt
* \mag=1000
* \@twocolumnfalse
* \@twosidefalse
* \@mparswitchfalse
* \@reversemarginfalse
* (1in=72.27pt=25.4mm, 1cm=28.453pt)

Package hyperref Info: Link coloring ON on input line 93.
(TFG-Rubén-Sánchez.out) (TFG-Rubén-Sánchez.out)
\@outlinefile=\write4
\openout4 = `TFG-Rubén-Sánchez.out'.

\c@lstlisting=\count364
<imagenes/logo.jpg, id=167, 501.875pt x 501.875pt>
File: imagenes/logo.jpg Graphic file (type jpg)
<use imagenes/logo.jpg>
Package pdftex.def Info: imagenes/logo.jpg  used on input line 100.
(pdftex.def)             Requested size: 271.7835pt x 271.79723pt.


LaTeX Font Warning: Font shape `T1/lmr/bx/sc' undefined
(Font)              using `T1/lmr/bx/n' instead on input line 103.


LaTeX Font Warning: Font shape `T1/lmr/m/scit' undefined
(Font)              using `T1/lmr/m/scsl' instead on input line 116.


LaTeX Font Warning: Font shape `T1/lmr/bx/scsl' undefined
(Font)              using `T1/lmr/bx/n' instead on input line 121.


LaTeX Font Warning: Font shape `T1/lmr/m/scit' undefined
(Font)              using `T1/lmr/m/scsl' instead on input line 122.


LaTeX Font Warning: Font shape `T1/lmr/m/scit' undefined
(Font)              using `T1/lmr/m/scsl' instead on input line 125.

[1

{C:/Users/RubénSanchezFernande/AppData/Local/MiKTeX/fonts/map/pdftex/pdftex.map}{C:/Users/RubénSanchezFernande/AppData/Local/Programs/MiKTeX/fonts/enc/dvips/lm/lm-ec.enc} <./imagenes/logo.jpg>] (TFG-Rubén-Sánchez.toc
LaTeX Info: Redefining \. on input line 1.
LaTeX Info: Redefining \% on input line 1.
LaTeX Font Info:    Trying to load font information for OT1+lmr on input line 3.
 (C:\Users\RubénSanchezFernande\AppData\Local\Programs\MiKTeX\tex/latex/lm\ot1lmr.fd
File: ot1lmr.fd 2015/05/01 v1.6.1 Font defs for Latin Modern
)
LaTeX Font Info:    Trying to load font information for OML+lmm on input line 3.
 (C:\Users\RubénSanchezFernande\AppData\Local\Programs\MiKTeX\tex/latex/lm\omllmm.fd
File: omllmm.fd 2015/05/01 v1.6.1 Font defs for Latin Modern
)
LaTeX Font Info:    Trying to load font information for OMS+lmsy on input line 3.
 (C:\Users\RubénSanchezFernande\AppData\Local\Programs\MiKTeX\tex/latex/lm\omslmsy.fd
File: omslmsy.fd 2015/05/01 v1.6.1 Font defs for Latin Modern
)
LaTeX Font Info:    Trying to load font information for OMX+lmex on input line 3.
 (C:\Users\RubénSanchezFernande\AppData\Local\Programs\MiKTeX\tex/latex/lm\omxlmex.fd
File: omxlmex.fd 2015/05/01 v1.6.1 Font defs for Latin Modern
)
LaTeX Font Info:    External font `lmex10' loaded for size
(Font)              <12> on input line 3.
LaTeX Font Info:    External font `lmex10' loaded for size
(Font)              <8> on input line 3.
LaTeX Font Info:    External font `lmex10' loaded for size
(Font)              <6> on input line 3.
LaTeX Font Info:    Trying to load font information for U+msa on input line 3.
 (C:\Users\RubénSanchezFernande\AppData\Local\Programs\MiKTeX\tex/latex/amsfonts\umsa.fd
File: umsa.fd 2013/01/14 v3.01 AMS symbols A
)
LaTeX Font Info:    Trying to load font information for U+msb on input line 3.
 (C:\Users\RubénSanchezFernande\AppData\Local\Programs\MiKTeX\tex/latex/amsfonts\umsb.fd
File: umsb.fd 2013/01/14 v3.01 AMS symbols B
)

Package spanish Warning: Replacing `T1/lmr/bx/sc' by 
(spanish)                faked small caps on input line 3.


Package spanish Warning: Replacing `T1/lmr/bx/sc' by 
(spanish)                faked small caps on input line 4.

[1])
\tf@toc=\write5
\openout5 = `TFG-Rubén-Sánchez.toc'.

 [2] (TFG-Rubén-Sánchez.lof
LaTeX Info: Redefining \. on input line 1.
LaTeX Info: Redefining \% on input line 1.
 [3])
\tf@lof=\write6
\openout6 = `TFG-Rubén-Sánchez.lof'.

 (TFG-Rubén-Sánchez.lot
LaTeX Info: Redefining \. on input line 1.
LaTeX Info: Redefining \% on input line 1.
)
\tf@lot=\write7
\openout7 = `TFG-Rubén-Sánchez.lot'.

 [4]
<Anexo_Firmado_Upango.png, id=374, 345.08925pt x 489.027pt>
File: Anexo_Firmado_Upango.png Graphic file (type png)
<use Anexo_Firmado_Upango.png>
Package pdftex.def Info: Anexo_Firmado_Upango.png  used on input line 150.
(pdftex.def)             Requested size: 452.9679pt x 641.94334pt.

Overfull \hbox (17.62482pt too wide) in paragraph at lines 150--151
[][] 
 []

[5

 <./Anexo_Firmado_Upango.png>]
LaTeX Info: Redefining \. on input line 180.
LaTeX Info: Redefining \% on input line 180.
 [6

]
LaTeX Info: Redefining \. on input line 220.
LaTeX Info: Redefining \% on input line 220.
 [7

]
LaTeX Info: Redefining \. on input line 260.
LaTeX Info: Redefining \% on input line 260.
LaTeX Info: Redefining \. on input line 260.
LaTeX Info: Redefining \% on input line 260.
 [8]
LaTeX Info: Redefining \. on input line 290.
LaTeX Info: Redefining \% on input line 290.
LaTeX Info: Redefining \. on input line 290.
LaTeX Info: Redefining \% on input line 290.
 [9]
LaTeX Info: Redefining \. on input line 296.
LaTeX Info: Redefining \% on input line 296.
LaTeX Info: Redefining \. on input line 296.
LaTeX Info: Redefining \% on input line 296.
 [10]
pdfTeX warning (ext4): destination with the same identifier (name{section.1}) has been already used, duplicate ignored
<to be read again> 
                   \relax 
l.306 \section{Introducción}
                             
LaTeX Info: Redefining \. on input line 346.
LaTeX Info: Redefining \% on input line 346.

pdfTeX warning (ext4): destination with the same identifier (name{page.1}) has been already used, duplicate ignored
<to be read again> 
                   \relax 
l.346 \clearpage
                 [1

]
pdfTeX warning (ext4): destination with the same identifier (name{section.2}) has been already used, duplicate ignored
<to be read again> 
                   \relax 
l.347 \section{Estado del arte}
                               
pdfTeX warning (ext4): destination with the same identifier (name{subsection.2.1}) has been already used, duplicate ignored
<to be read again> 
                   \relax 
l.350 ... y análisis de la situación de partida}
                                                  
pdfTeX warning (ext4): destination with the same identifier (name{subsection.2.2}) has been already used, duplicate ignored
<to be read again> 
                   \relax 
l.368 ...on{Herramientas y tecnologías empleadas}
                                                  
LaTeX Info: Redefining \. on input line 377.
LaTeX Info: Redefining \% on input line 377.
 [2

]
<imagenes/Interfaz de administración.png, id=425, 1123.19624pt x 519.1395pt>
File: imagenes/Interfaz de administración.png Graphic file (type png)
<use imagenes/Interfaz de administración.png>
Package pdftex.def Info: imagenes/Interfaz de administración.png  used on input line 415.
(pdftex.def)             Requested size: 362.37569pt x 167.48259pt.
LaTeX Info: Redefining \. on input line 423.
LaTeX Info: Redefining \% on input line 423.
LaTeX Info: Redefining \. on input line 423.
LaTeX Info: Redefining \% on input line 423.
 [3]
LaTeX Info: Redefining \. on input line 448.
LaTeX Info: Redefining \% on input line 448.
LaTeX Info: Redefining \. on input line 448.
LaTeX Info: Redefining \% on input line 448.
 [4 <./imagenes/Interfaz de administración.png>]
<imagenes/Interfaz de adminsitración elección de tema.png, id=456, 1108.74225pt x 498.06075pt>
File: imagenes/Interfaz de adminsitración elección de tema.png Graphic file (type png)
<use imagenes/Interfaz de adminsitración elección de tema.png>
Package pdftex.def Info: imagenes/Interfaz de adminsitración elección de tema.png  used on input line 465.
(pdftex.def)             Requested size: 362.37569pt x 162.77979pt.
LaTeX Info: Redefining \. on input line 478.
LaTeX Info: Redefining \% on input line 478.
LaTeX Info: Redefining \. on input line 478.
LaTeX Info: Redefining \% on input line 478.
 [5 <./imagenes/Interfaz de adminsitración elección de tema.png>]
LaTeX Info: Redefining \. on input line 510.
LaTeX Info: Redefining \% on input line 510.
LaTeX Info: Redefining \. on input line 510.
LaTeX Info: Redefining \% on input line 510.
 [6]
LaTeX Info: Redefining \. on input line 540.
LaTeX Info: Redefining \% on input line 540.
LaTeX Info: Redefining \. on input line 540.
LaTeX Info: Redefining \% on input line 540.
 [7]
LaTeX Info: Redefining \. on input line 559.
LaTeX Info: Redefining \% on input line 559.
LaTeX Info: Redefining \. on input line 559.
LaTeX Info: Redefining \% on input line 559.
 [8]
LaTeX Font Info:    Trying to load font information for TS1+lmr on input line 586.
 (C:\Users\RubénSanchezFernande\AppData\Local\Programs\MiKTeX\tex/latex/lm\ts1lmr.fd
File: ts1lmr.fd 2015/05/01 v1.6.1 Font defs for Latin Modern
)
LaTeX Info: Redefining \. on input line 593.
LaTeX Info: Redefining \% on input line 593.
 [9

{C:/Users/RubénSanchezFernande/AppData/Local/Programs/MiKTeX/fonts/enc/dvips/lm/lm-ts1.enc}]
LaTeX Info: Redefining \. on input line 620.
LaTeX Info: Redefining \% on input line 620.
LaTeX Info: Redefining \. on input line 620.
LaTeX Info: Redefining \% on input line 620.
 [10]
<imagenes/Backlogs de Devops.png, id=542, 1131.47719pt x 599.99156pt>
File: imagenes/Backlogs de Devops.png Graphic file (type png)
<use imagenes/Backlogs de Devops.png>
Package pdftex.def Info: imagenes/Backlogs de Devops.png  used on input line 643.
(pdftex.def)             Requested size: 362.37569pt x 192.15686pt.
<imagenes/Estados y prioridad de tarea.png, id=543, 858.20625pt x 261.97874pt>
File: imagenes/Estados y prioridad de tarea.png Graphic file (type png)
<use imagenes/Estados y prioridad de tarea.png>
Package pdftex.def Info: imagenes/Estados y prioridad de tarea.png  used on input line 651.
(pdftex.def)             Requested size: 362.37569pt x 110.62195pt.
LaTeX Info: Redefining \. on input line 657.
LaTeX Info: Redefining \% on input line 657.
LaTeX Info: Redefining \. on input line 657.
LaTeX Info: Redefining \% on input line 657.
 [11]
LaTeX Info: Redefining \. on input line 657.
LaTeX Info: Redefining \% on input line 657.
LaTeX Info: Redefining \. on input line 657.
LaTeX Info: Redefining \% on input line 657.
 [12 <./imagenes/Backlogs de Devops.png> <./imagenes/Estados y prioridad de tarea.png>]
LaTeX Info: Redefining \. on input line 712.
LaTeX Info: Redefining \% on input line 712.
 [13

]
LaTeX Info: Redefining \. on input line 733.
LaTeX Info: Redefining \% on input line 733.
LaTeX Info: Redefining \. on input line 733.
LaTeX Info: Redefining \% on input line 733.
 [14]
LaTeX Info: Redefining \. on input line 758.
LaTeX Info: Redefining \% on input line 758.
LaTeX Info: Redefining \. on input line 758.
LaTeX Info: Redefining \% on input line 758.
 [15]
LaTeX Info: Redefining \. on input line 794.
LaTeX Info: Redefining \% on input line 794.
LaTeX Info: Redefining \. on input line 794.
LaTeX Info: Redefining \% on input line 794.
 [16]
LaTeX Info: Redefining \. on input line 836.
LaTeX Info: Redefining \% on input line 836.
LaTeX Info: Redefining \. on input line 836.
LaTeX Info: Redefining \% on input line 836.
 [17]
LaTeX Info: Redefining \. on input line 847.
LaTeX Info: Redefining \% on input line 847.
LaTeX Info: Redefining \. on input line 847.
LaTeX Info: Redefining \% on input line 847.
 [18]
<imagenes-diseño/Esquema de diseño de la aplicación.png, id=640, 588.39825pt x 308.352pt>
File: imagenes-diseño/Esquema de diseño de la aplicación.png Graphic file (type png)
<use imagenes-diseño/Esquema de diseño de la aplicación.png>
Package pdftex.def Info: imagenes-diseño/Esquema de diseño de la aplicación.png  used on input line 875.
(pdftex.def)             Requested size: 407.66833pt x 213.64766pt.
<imagenes-diseño/estructura-aplicacion.png, id=641, 125.268pt x 284.262pt>
File: imagenes-diseño/estructura-aplicacion.png Graphic file (type png)
<use imagenes-diseño/estructura-aplicacion.png>
Package pdftex.def Info: imagenes-diseño/estructura-aplicacion.png  used on input line 883.
(pdftex.def)             Requested size: 90.5922pt x 205.575pt.
LaTeX Info: Redefining \. on input line 900.
LaTeX Info: Redefining \% on input line 900.
LaTeX Info: Redefining \. on input line 900.
LaTeX Info: Redefining \% on input line 900.
 [19

 <./imagenes-diseño/Esquema de diseño de la aplicación.png>]
<imagenes-diseño/diseñoFrontend.png, id=648, 772.68675pt x 438.438pt>
File: imagenes-diseño/diseñoFrontend.png Graphic file (type png)
<use imagenes-diseño/diseñoFrontend.png>
Package pdftex.def Info: imagenes-diseño/diseñoFrontend.png  used on input line 904.
(pdftex.def)             Requested size: 407.66833pt x 231.32738pt.
LaTeX Info: Redefining \. on input line 912.
LaTeX Info: Redefining \% on input line 912.
LaTeX Info: Redefining \. on input line 912.
LaTeX Info: Redefining \% on input line 912.
 [20 <./imagenes-diseño/estructura-aplicacion.png> <./imagenes-diseño/diseñoFrontend.png>] (C:\Users\RubénSanchezFernande\AppData\Local\Programs\MiKTeX\tex/latex/lm\t1lmtt.fd)
Underfull \hbox (badness 10000) in paragraph at lines 937--937
[]|\T1/lmtt/m/n/12 /upng-api/subir
 []


Underfull \hbox (badness 10000) in paragraph at lines 937--937
[]|\T1/lmtt/m/n/12 req.body.id\T1/lmr/m/n/12 ,
 []


Underfull \hbox (badness 10000) in paragraph at lines 937--937
\T1/lmtt/m/n/12 req.body.index\T1/lmr/m/n/12 ,
 []


Underfull \hbox (badness 10000) in paragraph at lines 937--937
\T1/lmr/m/n/12 me-ta-ob-je-tos ne-ce-
 []

<imagenes-diseño/diseñoPersonalizador.png, id=658, 922.647pt x 519.1395pt>
File: imagenes-diseño/diseñoPersonalizador.png Graphic file (type png)
<use imagenes-diseño/diseñoPersonalizador.png>
Package pdftex.def Info: imagenes-diseño/diseñoPersonalizador.png  used on input line 950.
(pdftex.def)             Requested size: 407.66833pt x 229.38057pt.
LaTeX Info: Redefining \. on input line 958.
LaTeX Info: Redefining \% on input line 958.
LaTeX Info: Redefining \. on input line 958.
LaTeX Info: Redefining \% on input line 958.
[21]
LaTeX Info: Redefining \. on input line 958.
LaTeX Info: Redefining \% on input line 958.
LaTeX Info: Redefining \. on input line 958.
LaTeX Info: Redefining \% on input line 958.
 [22 <./imagenes-diseño/diseñoPersonalizador.png>]
<imagenesUS2/configuracionAdministradorTienda.png, id=671, 1105.12875pt x 522.15076pt>
File: imagenesUS2/configuracionAdministradorTienda.png Graphic file (type png)
<use imagenesUS2/configuracionAdministradorTienda.png>
Package pdftex.def Info: imagenesUS2/configuracionAdministradorTienda.png  used on input line 988.
(pdftex.def)             Requested size: 362.37569pt x 171.21078pt.
LaTeX Info: Redefining \. on input line 1002.
LaTeX Info: Redefining \% on input line 1002.
LaTeX Info: Redefining \. on input line 1002.
LaTeX Info: Redefining \% on input line 1002.
 [23

]
<imagenesUS2/creacionMetaobjeto.png, id=678, 425.1885pt x 393.26926pt>
File: imagenesUS2/creacionMetaobjeto.png Graphic file (type png)
<use imagenesUS2/creacionMetaobjeto.png>
Package pdftex.def Info: imagenesUS2/creacionMetaobjeto.png  used on input line 1014.
(pdftex.def)             Requested size: 362.37569pt x 335.19257pt.
<imagenesUS2/elementosMetaobjectAdicionales.png, id=679, 516.7305pt x 148.75575pt>
File: imagenesUS2/elementosMetaobjectAdicionales.png Graphic file (type png)
<use imagenesUS2/elementosMetaobjectAdicionales.png>
Package pdftex.def Info: imagenesUS2/elementosMetaobjectAdicionales.png  used on input line 1022.
(pdftex.def)             Requested size: 362.37569pt x 104.32123pt.
<imagenesUS2/creacionMetafields.png, id=681, 428.19975pt x 187.902pt>
File: imagenesUS2/creacionMetafields.png Graphic file (type png)
<use imagenesUS2/creacionMetafields.png>
Package pdftex.def Info: imagenesUS2/creacionMetafields.png  used on input line 1037.
(pdftex.def)             Requested size: 362.37569pt x 159.02072pt.
<imagenesUS2/metafieldsAdicionales.png, id=683, 536.60475pt x 94.55325pt>
File: imagenesUS2/metafieldsAdicionales.png Graphic file (type png)
<use imagenesUS2/metafieldsAdicionales.png>
Package pdftex.def Info: imagenesUS2/metafieldsAdicionales.png  used on input line 1049.
(pdftex.def)             Requested size: 362.37569pt x 63.85387pt.
LaTeX Info: Redefining \. on input line 1057.
LaTeX Info: Redefining \% on input line 1057.
LaTeX Info: Redefining \. on input line 1057.
LaTeX Info: Redefining \% on input line 1057.
 [24 <./imagenesUS2/configuracionAdministradorTienda.png>]
LaTeX Info: Redefining \. on input line 1080.
LaTeX Info: Redefining \% on input line 1080.
LaTeX Info: Redefining \. on input line 1080.
LaTeX Info: Redefining \% on input line 1080.
 [25 <./imagenesUS2/creacionMetaobjeto.png>]
LaTeX Info: Redefining \. on input line 1080.
LaTeX Info: Redefining \% on input line 1080.
LaTeX Info: Redefining \. on input line 1080.
LaTeX Info: Redefining \% on input line 1080.
 [26 <./imagenesUS2/elementosMetaobjectAdicionales.png> <./imagenesUS2/creacionMetafields.png> <./imagenesUS2/metafieldsAdicionales.png>]
<imagenes-admin/EstructuraDirectoriosReact.png, id=710, 94.55325pt x 304.7385pt>
File: imagenes-admin/EstructuraDirectoriosReact.png Graphic file (type png)
<use imagenes-admin/EstructuraDirectoriosReact.png>
Package pdftex.def Info: imagenes-admin/EstructuraDirectoriosReact.png  used on input line 1093.
(pdftex.def)             Requested size: 45.29955pt x 145.99846pt.
<imagenes-admin/componentes-admin.png, id=713, 97.5645pt x 75.8835pt>
File: imagenes-admin/componentes-admin.png Graphic file (type png)
<use imagenes-admin/componentes-admin.png>
Package pdftex.def Info: imagenes-admin/componentes-admin.png  used on input line 1107.
(pdftex.def)             Requested size: 135.89174pt x 105.69542pt.
<imagenes-admin/paginaHome.png, id=714, 354.123pt x 539.01375pt>
File: imagenes-admin/paginaHome.png Graphic file (type png)
<use imagenes-admin/paginaHome.png>
Package pdftex.def Info: imagenes-admin/paginaHome.png  used on input line 1117.
(pdftex.def)             Requested size: 135.89174pt x 206.84239pt.
LaTeX Info: Redefining \. on input line 1129.
LaTeX Info: Redefining \% on input line 1129.
LaTeX Info: Redefining \. on input line 1129.
LaTeX Info: Redefining \% on input line 1129.
 [27

 <./imagenes-admin/EstructuraDirectoriosReact.png> <./imagenes-admin/componentes-admin.png>]
<imagenes-admin/metafieldComponent.png, id=724, 332.442pt x 537.80925pt>
File: imagenes-admin/metafieldComponent.png Graphic file (type png)
<use imagenes-admin/metafieldComponent.png>
Package pdftex.def Info: imagenes-admin/metafieldComponent.png  used on input line 1134.
(pdftex.def)             Requested size: 226.48395pt x 366.39478pt.
<imagenes-admin/locales-admin.png, id=725, 1045.506pt x 480.5955pt>
File: imagenes-admin/locales-admin.png Graphic file (type png)
<use imagenes-admin/locales-admin.png>
Package pdftex.def Info: imagenes-admin/locales-admin.png  used on input line 1143.
(pdftex.def)             Requested size: 226.48395pt x 104.10335pt.
LaTeX Info: Redefining \. on input line 1155.
LaTeX Info: Redefining \% on input line 1155.
LaTeX Info: Redefining \. on input line 1155.
LaTeX Info: Redefining \% on input line 1155.
 [28 <./imagenes-admin/paginaHome.png>]
LaTeX Info: Redefining \. on input line 1155.
LaTeX Info: Redefining \% on input line 1155.
LaTeX Info: Redefining \. on input line 1155.
LaTeX Info: Redefining \% on input line 1155.
 [29 <./imagenes-admin/metafieldComponent.png> <./imagenes-admin/locales-admin.png>]
<imagenes-back/configuracionIndexjs.png, id=739, 410.7345pt x 390.258pt>
File: imagenes-back/configuracionIndexjs.png Graphic file (type png)
<use imagenes-back/configuracionIndexjs.png>
Package pdftex.def Info: imagenes-back/configuracionIndexjs.png  used on input line 1175.
(pdftex.def)             Requested size: 226.48395pt x 215.19635pt.
<imagenes-back/almacenamientoCarpetaImagenes.png, id=740, 164.41425pt x 82.50826pt>
File: imagenes-back/almacenamientoCarpetaImagenes.png Graphic file (type png)
<use imagenes-back/almacenamientoCarpetaImagenes.png>
Package pdftex.def Info: imagenes-back/almacenamientoCarpetaImagenes.png  used on input line 1183.
(pdftex.def)             Requested size: 226.48395pt x 113.66132pt.
LaTeX Info: Redefining \. on input line 1195.
LaTeX Info: Redefining \% on input line 1195.
LaTeX Info: Redefining \. on input line 1195.
LaTeX Info: Redefining \% on input line 1195.
 [30

 <./imagenes-back/configuracionIndexjs.png>]
<imagenes-back/endpointSubirImagen.png, id=748, 566.71725pt x 471.56175pt>
File: imagenes-back/endpointSubirImagen.png Graphic file (type png)
<use imagenes-back/endpointSubirImagen.png>
Package pdftex.def Info: imagenes-back/endpointSubirImagen.png  used on input line 1200.
(pdftex.def)             Requested size: 226.48395pt x 188.45586pt.
<imagenes-back/EndpointsAdmin.png, id=750, 349.305pt x 331.2375pt>
File: imagenes-back/EndpointsAdmin.png Graphic file (type png)
<use imagenes-back/EndpointsAdmin.png>
Package pdftex.def Info: imagenes-back/EndpointsAdmin.png  used on input line 1221.
(pdftex.def)             Requested size: 226.48395pt x 214.77112pt.
LaTeX Info: Redefining \. on input line 1229.
LaTeX Info: Redefining \% on input line 1229.
LaTeX Info: Redefining \. on input line 1229.
LaTeX Info: Redefining \% on input line 1229.
 [31 <./imagenes-back/almacenamientoCarpetaImagenes.png> <./imagenes-back/endpointSubirImagen.png>]
Overfull \hbox (87.75768pt too wide) in paragraph at lines 1235--1237
\T1/lmr/m/n/12 pa-ra ca-da \T1/lmr/m/it/12 me-ta-field \T1/lmr/m/n/12 a crear, cu-ya mu-ta-cin es-t de-fi-ni-da en la cons-tan-te ``CREA-TE_META_MUTATION''. 
 []

<imagenes-back/funcionmetaCreator.png, id=759, 380.622pt x 526.96875pt>
File: imagenes-back/funcionmetaCreator.png Graphic file (type png)
<use imagenes-back/funcionmetaCreator.png>
Package pdftex.def Info: imagenes-back/funcionmetaCreator.png  used on input line 1249.
(pdftex.def)             Requested size: 226.48395pt x 313.57039pt.
<imagenes-back/metafieldCreatorConstantes1.png, id=760, 551.661pt x 470.9595pt>
File: imagenes-back/metafieldCreatorConstantes1.png Graphic file (type png)
<use imagenes-back/metafieldCreatorConstantes1.png>
Package pdftex.def Info: imagenes-back/metafieldCreatorConstantes1.png  used on input line 1257.
(pdftex.def)             Requested size: 226.48395pt x 193.34616pt.
LaTeX Info: Redefining \. on input line 1271.
LaTeX Info: Redefining \% on input line 1271.
LaTeX Info: Redefining \. on input line 1271.
LaTeX Info: Redefining \% on input line 1271.
[32 <./imagenes-back/EndpointsAdmin.png>]
<imagenes-back/funcionCartCreator.png, id=768, 383.63326pt x 504.6855pt>
File: imagenes-back/funcionCartCreator.png Graphic file (type png)
<use imagenes-back/funcionCartCreator.png>
Package pdftex.def Info: imagenes-back/funcionCartCreator.png  used on input line 1275.
(pdftex.def)             Requested size: 226.48395pt x 297.95438pt.
LaTeX Info: Redefining \. on input line 1280.
LaTeX Info: Redefining \% on input line 1280.
LaTeX Info: Redefining \. on input line 1280.
LaTeX Info: Redefining \% on input line 1280.
 [33 <./imagenes-back/funcionmetaCreator.png>]
LaTeX Info: Redefining \. on input line 1280.
LaTeX Info: Redefining \% on input line 1280.
LaTeX Info: Redefining \. on input line 1280.
LaTeX Info: Redefining \% on input line 1280.
 [34 <./imagenes-back/metafieldCreatorConstantes1.png> <./imagenes-back/funcionCartCreator.png>]
<imagenesUS1/seccionPersonalizarBoton.png, id=782, 822.6735pt x 452.28975pt>
File: imagenesUS1/seccionPersonalizarBoton.png Graphic file (type png)
<use imagenesUS1/seccionPersonalizarBoton.png>
Package pdftex.def Info: imagenesUS1/seccionPersonalizarBoton.png  used on input line 1305.
(pdftex.def)             Requested size: 362.37569pt x 199.22894pt.
<imagenesUS1/locales.png, id=783, 917.22675pt x 615.4995pt>
File: imagenesUS1/locales.png Graphic file (type png)
<use imagenesUS1/locales.png>
Package pdftex.def Info: imagenesUS1/locales.png  used on input line 1313.
(pdftex.def)             Requested size: 362.37569pt x 243.17128pt.
LaTeX Info: Redefining \. on input line 1325.
LaTeX Info: Redefining \% on input line 1325.
LaTeX Info: Redefining \. on input line 1325.
LaTeX Info: Redefining \% on input line 1325.
 [35

 <./imagenesUS1/seccionPersonalizarBoton.png>]
<imagenesUS3-section/funcioncargarLocales.png, id=790, 440.24475pt x 492.6405pt>
File: imagenesUS3-section/funcioncargarLocales.png Graphic file (type png)
<use imagenesUS3-section/funcioncargarLocales.png>
Package pdftex.def Info: imagenesUS3-section/funcioncargarLocales.png  used on input line 1338.
(pdftex.def)             Requested size: 362.37569pt x 405.52386pt.
LaTeX Info: Redefining \. on input line 1347.
LaTeX Info: Redefining \% on input line 1347.
LaTeX Info: Redefining \. on input line 1347.
LaTeX Info: Redefining \% on input line 1347.
 [36 <./imagenesUS1/locales.png>]
<imagenesUS3-section/funcionAlmacenarDatosProductos.png, id=797, 497.4585pt x 529.98pt>
File: imagenesUS3-section/funcionAlmacenarDatosProductos.png Graphic file (type png)
<use imagenesUS3-section/funcionAlmacenarDatosProductos.png>
Package pdftex.def Info: imagenesUS3-section/funcionAlmacenarDatosProductos.png  used on input line 1352.
(pdftex.def)             Requested size: 362.37569pt x 386.07349pt.
<imagenesUS3-section/finalSeccion.png, id=800, 445.665pt x 492.6405pt>
File: imagenesUS3-section/finalSeccion.png Graphic file (type png)
<use imagenesUS3-section/finalSeccion.png>
Package pdftex.def Info: imagenesUS3-section/finalSeccion.png  used on input line 1365.
(pdftex.def)             Requested size: 362.37569pt x 400.57762pt.
LaTeX Info: Redefining \. on input line 1378.
LaTeX Info: Redefining \% on input line 1378.
LaTeX Info: Redefining \. on input line 1378.
LaTeX Info: Redefining \% on input line 1378.
 [37 <./imagenesUS3-section/funcioncargarLocales.png>]
LaTeX Info: Redefining \. on input line 1388.
LaTeX Info: Redefining \% on input line 1388.
LaTeX Info: Redefining \. on input line 1388.
LaTeX Info: Redefining \% on input line 1388.
 [38 <./imagenesUS3-section/funcionAlmacenarDatosProductos.png>]
<imagenesUS3-modal/AbrirModalPrimeraParte y función generateAreaTable.png, id=816, 422.7795pt x 519.74174pt>
File: imagenesUS3-modal/AbrirModalPrimeraParte y función generateAreaTable.png Graphic file (type png)
<use imagenesUS3-modal/AbrirModalPrimeraParte y función generateAreaTable.png>
Package pdftex.def Info: imagenesUS3-modal/AbrirModalPrimeraParte y función generateAreaTable.png  used on input line 1396.
(pdftex.def)             Requested size: 226.48395pt x 278.42786pt.
<imagenesUS3-modal/FinalDeOpenModal.png, id=817, 386.04225pt x 305.34074pt>
File: imagenesUS3-modal/FinalDeOpenModal.png Graphic file (type png)
<use imagenesUS3-modal/FinalDeOpenModal.png>
Package pdftex.def Info: imagenesUS3-modal/FinalDeOpenModal.png  used on input line 1404.
(pdftex.def)             Requested size: 226.48395pt x 179.13844pt.
LaTeX Info: Redefining \. on input line 1416.
LaTeX Info: Redefining \% on input line 1416.
LaTeX Info: Redefining \. on input line 1416.
LaTeX Info: Redefining \% on input line 1416.
 [39 <./imagenesUS3-section/finalSeccion.png>]
<imagenesUS3-modal/recorrerAreasyMostrar.png, id=824, 460.72125pt x 395.076pt>
File: imagenesUS3-modal/recorrerAreasyMostrar.png Graphic file (type png)
<use imagenesUS3-modal/recorrerAreasyMostrar.png>
Package pdftex.def Info: imagenesUS3-modal/recorrerAreasyMostrar.png  used on input line 1438.
(pdftex.def)             Requested size: 226.48395pt x 194.20985pt.
LaTeX Info: Redefining \. on input line 1448.
LaTeX Info: Redefining \% on input line 1448.
LaTeX Info: Redefining \. on input line 1448.
LaTeX Info: Redefining \% on input line 1448.
 [40 <./imagenesUS3-modal/AbrirModalPrimeraParte y función generateAreaTable.png>]
<imagenesUS3-modal/AdjuntarLogoFetch.png, id=831, 482.40225pt x 483.0045pt>
File: imagenesUS3-modal/AdjuntarLogoFetch.png Graphic file (type png)
<use imagenesUS3-modal/AdjuntarLogoFetch.png>
Package pdftex.def Info: imagenesUS3-modal/AdjuntarLogoFetch.png  used on input line 1452.
(pdftex.def)             Requested size: 226.48395pt x 226.76892pt.
LaTeX Info: Redefining \. on input line 1467.
LaTeX Info: Redefining \% on input line 1467.
LaTeX Info: Redefining \. on input line 1467.
LaTeX Info: Redefining \% on input line 1467.
 [41 <./imagenesUS3-modal/FinalDeOpenModal.png> <./imagenesUS3-modal/recorrerAreasyMostrar.png>]
<imagenesUS3-modal/FuncionalidadEspecialImagen.png, id=841, 489.027pt x 331.2375pt>
File: imagenesUS3-modal/FuncionalidadEspecialImagen.png Graphic file (type png)
<use imagenesUS3-modal/FuncionalidadEspecialImagen.png>
Package pdftex.def Info: imagenesUS3-modal/FuncionalidadEspecialImagen.png  used on input line 1475.
(pdftex.def)             Requested size: 226.48395pt x 153.40721pt.
LaTeX Info: Redefining \. on input line 1490.
LaTeX Info: Redefining \% on input line 1490.
LaTeX Info: Redefining \. on input line 1490.
LaTeX Info: Redefining \% on input line 1490.
 [42 <./imagenesUS3-modal/AdjuntarLogoFetch.png> <./imagenesUS3-modal/FuncionalidadEspecialImagen.png>]
<imagenesUS3-modal/manejoDesabilitarElementos.png, id=849, 389.0535pt x 320.397pt>
File: imagenesUS3-modal/manejoDesabilitarElementos.png Graphic file (type png)
<use imagenesUS3-modal/manejoDesabilitarElementos.png>
Package pdftex.def Info: imagenesUS3-modal/manejoDesabilitarElementos.png  used on input line 1494.
(pdftex.def)             Requested size: 226.48395pt x 186.51482pt.
<imagenesUS3-modal/variableDatosArreglada.png, id=851, 299.9205pt x 230.0595pt>
File: imagenesUS3-modal/variableDatosArreglada.png Graphic file (type png)
<use imagenesUS3-modal/variableDatosArreglada.png>
Package pdftex.def Info: imagenesUS3-modal/variableDatosArreglada.png  used on input line 1511.
(pdftex.def)             Requested size: 226.48395pt x 173.73422pt.
LaTeX Info: Redefining \. on input line 1530.
LaTeX Info: Redefining \% on input line 1530.
LaTeX Info: Redefining \. on input line 1530.
LaTeX Info: Redefining \% on input line 1530.
 [43 <./imagenesUS3-modal/manejoDesabilitarElementos.png>]
LaTeX Info: Redefining \. on input line 1558.
LaTeX Info: Redefining \% on input line 1558.
LaTeX Info: Redefining \. on input line 1558.
LaTeX Info: Redefining \% on input line 1558.
 [44 <./imagenesUS3-modal/variableDatosArreglada.png>]
<imagenesUS3-modal/generarResumen.png, id=865, 608.87476pt x 509.5035pt>
File: imagenesUS3-modal/generarResumen.png Graphic file (type png)
<use imagenesUS3-modal/generarResumen.png>
Package pdftex.def Info: imagenesUS3-modal/generarResumen.png  used on input line 1562.
(pdftex.def)             Requested size: 226.48395pt x 189.524pt.
<imagenesUS3-modal/AnadirCarritoParte1addEventListenerCracionBoton.png, id=866, 299.9205pt x 513.117pt>
File: imagenesUS3-modal/AnadirCarritoParte1addEventListenerCracionBoton.png Graphic file (type png)
<use imagenesUS3-modal/AnadirCarritoParte1addEventListenerCracionBoton.png>
Package pdftex.def Info: imagenesUS3-modal/AnadirCarritoParte1addEventListenerCracionBoton.png  used on input line 1570.
(pdftex.def)             Requested size: 226.48395pt x 387.49101pt.
<imagenesUS3-modal/fetchAñadirCarrito.png, id=868, 420.3705pt x 442.65375pt>
File: imagenesUS3-modal/fetchAñadirCarrito.png Graphic file (type png)
<use imagenesUS3-modal/fetchAñadirCarrito.png>
Package pdftex.def Info: imagenesUS3-modal/fetchAñadirCarrito.png  used on input line 1582.
(pdftex.def)             Requested size: 226.48395pt x 238.4891pt.
LaTeX Info: Redefining \. on input line 1587.
LaTeX Info: Redefining \% on input line 1587.
LaTeX Info: Redefining \. on input line 1587.
LaTeX Info: Redefining \% on input line 1587.
 [45 <./imagenesUS3-modal/generarResumen.png>]
LaTeX Info: Redefining \. on input line 1587.
LaTeX Info: Redefining \% on input line 1587.
LaTeX Info: Redefining \. on input line 1587.
LaTeX Info: Redefining \% on input line 1587.
 [46 <./imagenesUS3-modal/AnadirCarritoParte1addEventListenerCracionBoton.png> <./imagenesUS3-modal/fetchAñadirCarrito.png>]
<imagenes-tema/estructuraCartTransform.png, id=883, 133.6995pt x 193.9245pt>
File: imagenes-tema/estructuraCartTransform.png Graphic file (type png)
<use imagenes-tema/estructuraCartTransform.png>
Package pdftex.def Info: imagenes-tema/estructuraCartTransform.png  used on input line 1607.
(pdftex.def)             Requested size: 135.89174pt x 197.11977pt.
LaTeX Info: Redefining \. on input line 1616.
LaTeX Info: Redefining \% on input line 1616.
LaTeX Info: Redefining \. on input line 1616.
LaTeX Info: Redefining \% on input line 1616.
 [47

 <./imagenes-tema/estructuraCartTransform.png>]
<imagenes-tema/queryCartTransform.png, id=892, 208.98074pt x 486.01575pt>
File: imagenes-tema/queryCartTransform.png Graphic file (type png)
<use imagenes-tema/queryCartTransform.png>
Package pdftex.def Info: imagenes-tema/queryCartTransform.png  used on input line 1621.
(pdftex.def)             Requested size: 90.5922pt x 210.68837pt.
LaTeX Info: Redefining \. on input line 1641.
LaTeX Info: Redefining \% on input line 1641.
LaTeX Info: Redefining \. on input line 1641.
LaTeX Info: Redefining \% on input line 1641.
 [48 <./imagenes-tema/queryCartTransform.png>]
<imagenes-tema/primeraParteFunction.png, id=900, 383.63326pt x 508.90125pt>
File: imagenes-tema/primeraParteFunction.png Graphic file (type png)
<use imagenes-tema/primeraParteFunction.png>
Package pdftex.def Info: imagenes-tema/primeraParteFunction.png  used on input line 1645.
(pdftex.def)             Requested size: 181.18439pt x 240.3484pt.
<imagenes-tema/segundaParteFunction.png, id=901, 405.31425pt x 380.622pt>
File: imagenes-tema/segundaParteFunction.png Graphic file (type png)
<use imagenes-tema/segundaParteFunction.png>
Package pdftex.def Info: imagenes-tema/segundaParteFunction.png  used on input line 1653.
(pdftex.def)             Requested size: 226.48395pt x 212.68222pt.
LaTeX Info: Redefining \. on input line 1665.
LaTeX Info: Redefining \% on input line 1665.
LaTeX Info: Redefining \. on input line 1665.
LaTeX Info: Redefining \% on input line 1665.
 [49 <./imagenes-tema/primeraParteFunction.png> <./imagenes-tema/segundaParteFunction.png>]
<imagenes-tema/creacionSeccionTema.png, id=910, 158.39175pt x 80.09924pt>
File: imagenes-tema/creacionSeccionTema.png Graphic file (type png)
<use imagenes-tema/creacionSeccionTema.png>
Package pdftex.def Info: imagenes-tema/creacionSeccionTema.png  used on input line 1669.
(pdftex.def)             Requested size: 226.48395pt x 114.53369pt.
<imagenes-tema/modificaciondetema.png, id=911, 604.05675pt x 395.67825pt>
File: imagenes-tema/modificaciondetema.png Graphic file (type png)
<use imagenes-tema/modificaciondetema.png>
Package pdftex.def Info: imagenes-tema/modificaciondetema.png  used on input line 1677.
(pdftex.def)             Requested size: 362.37569pt x 237.37254pt.
LaTeX Info: Redefining \. on input line 1683.
LaTeX Info: Redefining \% on input line 1683.
LaTeX Info: Redefining \. on input line 1683.
LaTeX Info: Redefining \% on input line 1683.
 [50 <./imagenes-tema/creacionSeccionTema.png> <./imagenes-tema/modificaciondetema.png>]
LaTeX Info: Redefining \. on input line 1726.
LaTeX Info: Redefining \% on input line 1726.
LaTeX Info: Redefining \. on input line 1726.
LaTeX Info: Redefining \% on input line 1726.
 [51

]
<imagenes/package.json.scripts.png, id=926, 352.9185pt x 221.02576pt>
File: imagenes/package.json.scripts.png Graphic file (type png)
<use imagenes/package.json.scripts.png>
Package pdftex.def Info: imagenes/package.json.scripts.png  used on input line 1737.
(pdftex.def)             Requested size: 362.37569pt x 226.9542pt.
LaTeX Info: Redefining \. on input line 1749.
LaTeX Info: Redefining \% on input line 1749.
LaTeX Info: Redefining \. on input line 1749.
LaTeX Info: Redefining \% on input line 1749.
 [52 <./imagenes/package.json.scripts.png>]
<imagenes/variablesEntornoDespliegue.png, id=935, 665.48625pt x 127.677pt>
File: imagenes/variablesEntornoDespliegue.png Graphic file (type png)
<use imagenes/variablesEntornoDespliegue.png>
Package pdftex.def Info: imagenes/variablesEntornoDespliegue.png  used on input line 1769.
(pdftex.def)             Requested size: 362.37569pt x 69.5251pt.
LaTeX Info: Redefining \. on input line 1781.
LaTeX Info: Redefining \% on input line 1781.
LaTeX Info: Redefining \. on input line 1781.
LaTeX Info: Redefining \% on input line 1781.
 [53 <./imagenes/variablesEntornoDespliegue.png>]
<imagenes/panelPartnersDistribution.png, id=944, 1121.3895pt x 506.49225pt>
File: imagenes/panelPartnersDistribution.png Graphic file (type png)
<use imagenes/panelPartnersDistribution.png>
Package pdftex.def Info: imagenes/panelPartnersDistribution.png  used on input line 1797.
(pdftex.def)             Requested size: 362.37569pt x 163.67288pt.
<imagenes/distribucionAppEnlace.png, id=945, 1052.733pt x 379.4175pt>
File: imagenes/distribucionAppEnlace.png Graphic file (type png)
<use imagenes/distribucionAppEnlace.png>
Package pdftex.def Info: imagenes/distribucionAppEnlace.png  used on input line 1805.
(pdftex.def)             Requested size: 362.37569pt x 130.60391pt.
<imagenes/generarLinkDistribution.png, id=946, 412.54124pt x 239.09325pt>
File: imagenes/generarLinkDistribution.png Graphic file (type png)
<use imagenes/generarLinkDistribution.png>
Package pdftex.def Info: imagenes/generarLinkDistribution.png  used on input line 1813.
(pdftex.def)             Requested size: 362.37569pt x 210.02327pt.
LaTeX Info: Redefining \. on input line 1820.
LaTeX Info: Redefining \% on input line 1820.
LaTeX Info: Redefining \. on input line 1820.
LaTeX Info: Redefining \% on input line 1820.
 [54 <./imagenes/panelPartnersDistribution.png> <./imagenes/distribucionAppEnlace.png>]
LaTeX Info: Redefining \. on input line 1821.
LaTeX Info: Redefining \% on input line 1821.
LaTeX Info: Redefining \. on input line 1821.
LaTeX Info: Redefining \% on input line 1821.
 [55 <./imagenes/generarLinkDistribution.png>]
LaTeX Info: Redefining \. on input line 1860.
LaTeX Info: Redefining \% on input line 1860.
 [56

]
LaTeX Info: Redefining \. on input line 1869.
LaTeX Info: Redefining \% on input line 1869.
LaTeX Info: Redefining \. on input line 1869.
LaTeX Info: Redefining \% on input line 1869.
 [57]
Underfull \hbox (badness 2922) in paragraph at lines 1880--1882
[]\T1/lmr/m/n/12 Oliver Lind-berg (Sho-pify) \T1/lmr/m/it/12 ``4 for-mas cla-ve de di-fe-ren-ciar las tien-das de
 []


Underfull \hbox (badness 4328) in paragraph at lines 1880--1882
\T1/lmr/m/it/12 co-mer-cio elec-tr-ni-co de sus clien-tes de la com-pe-ten-cia''\T1/lmr/m/n/12 , l-ti-ma ac-tua-li-
 []


Underfull \hbox (badness 2671) in paragraph at lines 1880--1882
\T1/lmr/m/n/12 za-cin: 14 jun 2022, di-rec-cin: [][]$\T1/lmtt/m/n/12 https : / / www . shopify . com / partners / blog /
 []

LaTeX Info: Redefining \. on input line 1935.
LaTeX Info: Redefining \% on input line 1935.
[58

]
Underfull \hbox (badness 10000) in paragraph at lines 1937--1939
[]\T1/lmr/m/n/12 Shopify. \T1/lmr/m/it/12 ``The-me app ex-ten-sion over-view''\T1/lmr/m/n/12 , l-ti-ma ac-tua-li-za-cin: 25
 []


Underfull \hbox (badness 10000) in paragraph at lines 1937--1939
\T1/lmr/m/n/12 enero 2022, di-rec-cin: [][]$\T1/lmtt/m/n/12 https : / / shopify . dev / docs / apps / online-[]store /
 []


Underfull \hbox (badness 10000) in paragraph at lines 1945--1947
[]\T1/lmr/m/n/12 Nodejs.org. \T1/lmr/m/it/12 ``In-tro-duc-tion to No-de.js''\T1/lmr/m/n/12 , l-ti-ma ac-tua-li-za-cin: 25 enero
 []


Underfull \hbox (badness 10000) in paragraph at lines 1945--1947
\T1/lmr/m/n/12 2022, di-rec-cin: [][]$\T1/lmtt/m/n/12 https : / / nodejs . org / en / learn / getting-[]started /
 []


Underfull \hbox (badness 4595) in paragraph at lines 1957--1959
[]\T1/lmr/m/n/12 developer.mozilla.org. \T1/lmr/m/it/12 ``In-tro-duc-cin a Ex-pres-s/-No-de''\T1/lmr/m/n/12 , l-ti-ma ac-tua-li-za-cin:
 []


Underfull \hbox (badness 10000) in paragraph at lines 1977--1979
\T1/lmr/m/n/12 di-rec-cin: [][]$\T1/lmtt/m/n/12 https : / / learn . microsoft . com / es-[]es / azure / devops / user-[]guide /
 []


Underfull \hbox (badness 10000) in paragraph at lines 1981--1983
[][]$\T1/lmtt/m/n/12 https : / / aodatacloud . es / blog / que-[]es-[]azure-[]devops-[]y-[]para-[]que-[]sirve / # %
 []


Underfull \hbox (badness 10000) in paragraph at lines 1989--1991
[]\T1/lmr/m/n/12 Shopify. \T1/lmr/m/it/12 ``Cart API re-fe-ren-ce''\T1/lmr/m/n/12 , l-ti-ma ac-tua-li-za-cin: 1 enero 2024,
 []


Underfull \hbox (badness 10000) in paragraph at lines 1989--1991
\T1/lmr/m/n/12 di-rec-cin: [][]$\T1/lmtt/m/n/12 https : / / shopify . dev / docs / api / ajax / reference / cart #
 []

LaTeX Info: Redefining \. on input line 1991.
LaTeX Info: Redefining \% on input line 1991.
LaTeX Info: Redefining \. on input line 1991.
LaTeX Info: Redefining \% on input line 1991.
[59]
Underfull \hbox (badness 10000) in paragraph at lines 1993--1995
\T1/lmr/m/n/12 rec-cin: [][]$\T1/lmtt/m/n/12 https : / / shopify . dev / docs / apps / selling-[]strategies / bundles /
 []


Underfull \hbox (badness 10000) in paragraph at lines 2009--2011
[]\T1/lmr/m/n/12 Jos Luis \T1/lmr/m/it/12 ``QU ES NO-DE-MON EN NO-DE.JS?''\T1/lmr/m/n/12 , l-ti-ma ac-tua-li-
 []


Underfull \hbox (badness 10000) in paragraph at lines 2009--2011
\T1/lmr/m/n/12 za-cin: 7 abril 2023, di-rec-cin: [][]$\T1/lmtt/m/n/12 https : / / geeknomada . blog / nodejs /
 []

LaTeX Info: Redefining \. on input line 2018.
LaTeX Info: Redefining \% on input line 2018.
LaTeX Info: Redefining \. on input line 2018.
LaTeX Info: Redefining \% on input line 2018.
[60]
<imagenes/ManualUsuario/PantallaDePersonalizarTema.png, id=1037, 1120.78725pt x 430.60875pt>
File: imagenes/ManualUsuario/PantallaDePersonalizarTema.png Graphic file (type png)
<use imagenes/ManualUsuario/PantallaDePersonalizarTema.png>
Package pdftex.def Info: imagenes/ManualUsuario/PantallaDePersonalizarTema.png  used on input line 2033.
(pdftex.def)             Requested size: 362.37569pt x 139.22342pt.
<imagenes/ManualUsuario/AñadirBloqueThemeExtension.png, id=1039, 1115.367pt x 549.252pt>
File: imagenes/ManualUsuario/AñadirBloqueThemeExtension.png Graphic file (type png)
<use imagenes/ManualUsuario/AñadirBloqueThemeExtension.png>
Package pdftex.def Info: imagenes/ManualUsuario/AñadirBloqueThemeExtension.png  used on input line 2046.
(pdftex.def)             Requested size: 362.37569pt x 178.4461pt.
<imagenes/ManualUsuario/PaginaAdministracion.png, id=1042, 1385.175pt x 685.05937pt>
File: imagenes/ManualUsuario/PaginaAdministracion.png Graphic file (type png)
<use imagenes/ManualUsuario/PaginaAdministracion.png>
Package pdftex.def Info: imagenes/ManualUsuario/PaginaAdministracion.png  used on input line 2059.
(pdftex.def)             Requested size: 362.37569pt x 179.21927pt.
<imagenes/ManualUsuario/FuncionalidadPaginaAdministracion.png, id=1043, 919.0335pt x 516.12825pt>
File: imagenes/ManualUsuario/FuncionalidadPaginaAdministracion.png Graphic file (type png)
<use imagenes/ManualUsuario/FuncionalidadPaginaAdministracion.png>
Package pdftex.def Info: imagenes/ManualUsuario/FuncionalidadPaginaAdministracion.png  used on input line 2067.
(pdftex.def)             Requested size: 362.37569pt x 203.50221pt.
LaTeX Info: Redefining \. on input line 2078.
LaTeX Info: Redefining \% on input line 2078.
 [61

{C:/Users/RubénSanchezFernande/AppData/Local/Programs/MiKTeX/fonts/enc/dvips/lm/lm-mathsy.enc} <./imagenes/ManualUsuario/PantallaDePersonalizarTema.png>]
<imagenes/ManualUsuario/HomeTiendaDemo.png, id=1051, 865.43324pt x 452.892pt>
File: imagenes/ManualUsuario/HomeTiendaDemo.png Graphic file (type png)
<use imagenes/ManualUsuario/HomeTiendaDemo.png>
Package pdftex.def Info: imagenes/ManualUsuario/HomeTiendaDemo.png  used on input line 2082.
(pdftex.def)             Requested size: 362.37569pt x 189.63976pt.
<imagenes/ManualUsuario/PaginaProductoSinPersonalizacion.png, id=1054, 910.602pt x 474.573pt>
File: imagenes/ManualUsuario/PaginaProductoSinPersonalizacion.png Graphic file (type png)
<use imagenes/ManualUsuario/PaginaProductoSinPersonalizacion.png>
Package pdftex.def Info: imagenes/ManualUsuario/PaginaProductoSinPersonalizacion.png  used on input line 2096.
(pdftex.def)             Requested size: 362.37569pt x 188.85548pt.
<imagenes/ManualUsuario/PaginaProductoConPersonalizacion.png, id=1055, 967.2135pt x 501.072pt>
File: imagenes/ManualUsuario/PaginaProductoConPersonalizacion.png Graphic file (type png)
<use imagenes/ManualUsuario/PaginaProductoConPersonalizacion.png>
Package pdftex.def Info: imagenes/ManualUsuario/PaginaProductoConPersonalizacion.png  used on input line 2104.
(pdftex.def)             Requested size: 362.37569pt x 187.73334pt.
LaTeX Info: Redefining \. on input line 2113.
LaTeX Info: Redefining \% on input line 2113.
LaTeX Info: Redefining \. on input line 2113.
LaTeX Info: Redefining \% on input line 2113.
 [62 <./imagenes/ManualUsuario/AñadirBloqueThemeExtension.png> <./imagenes/ManualUsuario/PaginaAdministracion.png>]
<imagenes/ManualUsuario/PersonalizadorArtículosCamiseta.png, id=1064, 1052.13075pt x 429.40425pt>
File: imagenes/ManualUsuario/PersonalizadorArtículosCamiseta.png Graphic file (type png)
<use imagenes/ManualUsuario/PersonalizadorArtículosCamiseta.png>
Package pdftex.def Info: imagenes/ManualUsuario/PersonalizadorArtículosCamiseta.png  used on input line 2117.
(pdftex.def)             Requested size: 362.37569pt x 147.89563pt.
<imagenes/ManualUsuario/PersonalizadorArea1Seleccionada.png, id=1067, 1037.0745pt x 424.58624pt>
File: imagenes/ManualUsuario/PersonalizadorArea1Seleccionada.png Graphic file (type png)
<use imagenes/ManualUsuario/PersonalizadorArea1Seleccionada.png>
Package pdftex.def Info: imagenes/ManualUsuario/PersonalizadorArea1Seleccionada.png  used on input line 2129.
(pdftex.def)             Requested size: 362.37569pt x 148.35474pt.
<imagenes/ManualUsuario/PersonalizadorVariasAreasDeImpresiónSeleccionadas.png, id=1068, 1037.0745pt x 425.1885pt>
File: imagenes/ManualUsuario/PersonalizadorVariasAreasDeImpresiónSeleccionadas.png Graphic file (type png)
<use imagenes/ManualUsuario/PersonalizadorVariasAreasDeImpresiónSeleccionadas.png>
Package pdftex.def Info: imagenes/ManualUsuario/PersonalizadorVariasAreasDeImpresiónSeleccionadas.png  used on input line 2137.
(pdftex.def)             Requested size: 362.37569pt x 148.56517pt.
LaTeX Info: Redefining \. on input line 2148.
LaTeX Info: Redefining \% on input line 2148.
LaTeX Info: Redefining \. on input line 2148.
LaTeX Info: Redefining \% on input line 2148.
 [63 <./imagenes/ManualUsuario/FuncionalidadPaginaAdministracion.png> <./imagenes/ManualUsuario/HomeTiendaDemo.png>]
<imagenes/ManualUsuario/PersonalizadorArea1ColoresSeleccionados.png, id=1076, 1037.67674pt x 425.79076pt>
File: imagenes/ManualUsuario/PersonalizadorArea1ColoresSeleccionados.png Graphic file (type png)
<use imagenes/ManualUsuario/PersonalizadorArea1ColoresSeleccionados.png>
Package pdftex.def Info: imagenes/ManualUsuario/PersonalizadorArea1ColoresSeleccionados.png  used on input line 2152.
(pdftex.def)             Requested size: 362.37569pt x 148.69115pt.
LaTeX Info: Redefining \. on input line 2161.
LaTeX Info: Redefining \% on input line 2161.
LaTeX Info: Redefining \. on input line 2161.
LaTeX Info: Redefining \% on input line 2161.
 [64 <./imagenes/ManualUsuario/PaginaProductoSinPersonalizacion.png> <./imagenes/ManualUsuario/PaginaProductoConPersonalizacion.png>]
<imagenes/ManualUsuario/PersonalizadorRepeticiónClicheDoblePasada.png, id=1084, 1037.0745pt x 425.1885pt>
File: imagenes/ManualUsuario/PersonalizadorRepeticiónClicheDoblePasada.png Graphic file (type png)
<use imagenes/ManualUsuario/PersonalizadorRepeticiónClicheDoblePasada.png>
Package pdftex.def Info: imagenes/ManualUsuario/PersonalizadorRepeticiónClicheDoblePasada.png  used on input line 2165.
(pdftex.def)             Requested size: 362.37569pt x 148.56517pt.
<imagenes/ManualUsuario/PersonalizadorLogoSeleccionado.png, id=1086, 679.338pt x 411.33675pt>
File: imagenes/ManualUsuario/PersonalizadorLogoSeleccionado.png Graphic file (type png)
<use imagenes/ManualUsuario/PersonalizadorLogoSeleccionado.png>
Package pdftex.def Info: imagenes/ManualUsuario/PersonalizadorLogoSeleccionado.png  used on input line 2179.
(pdftex.def)             Requested size: 362.37569pt x 219.41965pt.
LaTeX Info: Redefining \. on input line 2192.
LaTeX Info: Redefining \% on input line 2192.
LaTeX Info: Redefining \. on input line 2192.
LaTeX Info: Redefining \% on input line 2192.
 [65 <./imagenes/ManualUsuario/PersonalizadorArtículosCamiseta.png> <./imagenes/ManualUsuario/PersonalizadorArea1Seleccionada.png>]
<imagenes/ManualUsuario/BotonCarrito.png, id=1097, 776.9025pt x 85.5195pt>
File: imagenes/ManualUsuario/BotonCarrito.png Graphic file (type png)
<use imagenes/ManualUsuario/BotonCarrito.png>
Package pdftex.def Info: imagenes/ManualUsuario/BotonCarrito.png  used on input line 2197.
(pdftex.def)             Requested size: 362.37569pt x 39.8901pt.
<imagenes/ManualUsuario/PantallaCarrito.png, id=1098, 792.561pt x 354.123pt>
File: imagenes/ManualUsuario/PantallaCarrito.png Graphic file (type png)
<use imagenes/ManualUsuario/PantallaCarrito.png>
Package pdftex.def Info: imagenes/ManualUsuario/PantallaCarrito.png  used on input line 2205.
(pdftex.def)             Requested size: 362.37569pt x 161.91512pt.
<imagenes/ManualUsuario/ImagenCheckout.png, id=1099, 800.9925pt x 505.89pt>
File: imagenes/ManualUsuario/ImagenCheckout.png Graphic file (type png)
<use imagenes/ManualUsuario/ImagenCheckout.png>
Package pdftex.def Info: imagenes/ManualUsuario/ImagenCheckout.png  used on input line 2213.
(pdftex.def)             Requested size: 362.37569pt x 228.86803pt.
LaTeX Info: Redefining \. on input line 2218.
LaTeX Info: Redefining \% on input line 2218.
LaTeX Info: Redefining \. on input line 2218.
LaTeX Info: Redefining \% on input line 2218.
 [66 <./imagenes/ManualUsuario/PersonalizadorVariasAreasDeImpresiónSeleccionadas.png> <./imagenes/ManualUsuario/PersonalizadorArea1ColoresSeleccionados.png>]
LaTeX Info: Redefining \. on input line 2218.
LaTeX Info: Redefining \% on input line 2218.
LaTeX Info: Redefining \. on input line 2218.
LaTeX Info: Redefining \% on input line 2218.
 [67 <./imagenes/ManualUsuario/PersonalizadorRepeticiónClicheDoblePasada.png> <./imagenes/ManualUsuario/PersonalizadorLogoSeleccionado.png> <./imagenes/ManualUsuario/BotonCarrito.png>]
LaTeX Info: Redefining \. on input line 2218.
LaTeX Info: Redefining \% on input line 2218.
LaTeX Info: Redefining \. on input line 2218.
LaTeX Info: Redefining \% on input line 2218.
 [68 <./imagenes/ManualUsuario/PantallaCarrito.png> <./imagenes/ManualUsuario/ImagenCheckout.png>]
LaTeX Info: Redefining \. on input line 2258.
LaTeX Info: Redefining \% on input line 2258.
LaTeX Info: Redefining \. on input line 2258.
LaTeX Info: Redefining \% on input line 2258.
 [69

]
LaTeX Info: Redefining \. on input line 2286.
LaTeX Info: Redefining \% on input line 2286.
LaTeX Info: Redefining \. on input line 2286.
LaTeX Info: Redefining \% on input line 2286.
 [70]
LaTeX Info: Redefining \. on input line 2303.
LaTeX Info: Redefining \% on input line 2303.
LaTeX Info: Redefining \. on input line 2303.
LaTeX Info: Redefining \% on input line 2303.
 [71]
LaTeX Info: Redefining \. on input line 2327.
LaTeX Info: Redefining \% on input line 2327.
LaTeX Info: Redefining \. on input line 2327.
LaTeX Info: Redefining \% on input line 2327.
 [72]
LaTeX Info: Redefining \. on input line 2354.
LaTeX Info: Redefining \% on input line 2354.
LaTeX Info: Redefining \. on input line 2354.
LaTeX Info: Redefining \% on input line 2354.
 [73]
LaTeX Info: Redefining \. on input line 2382.
LaTeX Info: Redefining \% on input line 2382.
LaTeX Info: Redefining \. on input line 2382.
LaTeX Info: Redefining \% on input line 2382.
 [74]
LaTeX Info: Redefining \. on input line 2419.
LaTeX Info: Redefining \% on input line 2419.
LaTeX Info: Redefining \. on input line 2419.
LaTeX Info: Redefining \% on input line 2419.
 [75]
LaTeX Info: Redefining \. on input line 2422.
LaTeX Info: Redefining \% on input line 2422.
LaTeX Info: Redefining \. on input line 2422.
LaTeX Info: Redefining \% on input line 2422.
 [76] (TFG-Rubén-Sánchez.aux
LaTeX Info: Redefining \. on input line 11.
LaTeX Info: Redefining \% on input line 11.
)
 ***********
LaTeX2e <2023-11-01> patch level 1
L3 programming layer <2024-01-04>
 ***********


LaTeX Font Warning: Some font shapes were not available, defaults substituted.

Package rerunfilecheck Info: File `TFG-Rubén-Sánchez.out' has not changed.
(rerunfilecheck)             Checksum: F08C03A17E18BB58093630D53D773515;7257.
 ) 
Here is how much of TeX's memory you used:
 19420 strings out of 474486
 323151 string characters out of 5736203
 1946542 words of memory out of 5000000
 41077 multiletter control sequences out of 15000+600000
 623387 words of font info for 74 fonts, out of 8000000 for 9000
 1141 hyphenation exceptions out of 8191
 75i,12n,79p,1137b,1064s stack positions out of 10000i,1000n,20000p,200000b,200000s
<C:/Users/RubénSanchezFernande/AppData/Local/Programs/MiKTeX/fonts/type1/public/lm/lmbx12.pfb><C:/Users/RubénSanchezFernande/AppData/Local/Programs/MiKTeX/fonts/type1/public/lm/lmbx8.pfb><C:/Users/RubénSanchezFernande/AppData/Local/Programs/MiKTeX/fonts/type1/public/lm/lmcsc10.pfb><C:/Users/RubénSanchezFernande/AppData/Local/Programs/MiKTeX/fonts/type1/public/lm/lmcsco10.pfb><C:/Users/RubénSanchezFernande/AppData/Local/Programs/MiKTeX/fonts/type1/public/lm/lmr12.pfb><C:/Users/RubénSanchezFernande/AppData/Local/Programs/MiKTeX/fonts/type1/public/lm/lmr8.pfb><C:/Users/RubénSanchezFernande/AppData/Local/Programs/MiKTeX/fonts/type1/public/lm/lmri12.pfb><C:/Users/RubénSanchezFernande/AppData/Local/Programs/MiKTeX/fonts/type1/public/lm/lmro12.pfb><C:/Users/RubénSanchezFernande/AppData/Local/Programs/MiKTeX/fonts/type1/public/lm/lmsy10.pfb><C:/Users/RubénSanchezFernande/AppData/Local/Programs/MiKTeX/fonts/type1/public/lm/lmtt10.pfb><C:/Users/RubénSanchezFernande/AppData/Local/Programs/MiKTeX/fonts/type1/public/lm/lmtt12.pfb>
Output written on TFG-Rubén-Sánchez.pdf (87 pages, 5333019 bytes).
PDF statistics:
 1286 PDF objects out of 1440 (max. 8388607)
 309 named destinations out of 1000 (max. 500000)
 682 words of extra memory for PDF output out of 10000 (max. 10000000)

